###############################################################################
#                                                                             #
# Calypsi linker for 65816                                       version 5.15 #
#                                                       02/Apr/2026  23:41:43 #
# Command line: --output-format=intel-hex --hosted build/shell.o              #
#               build/graphics.o build/util.o build/os.o build/filesys.o      #
#               rules.scm -o build/shell.hex                                  #
#               --list-file=build/shell_linked.lst                            #
#                                                                             #
###############################################################################

####################
#                  #
# Memories summary #
#                  #
####################

Name                          Range         Size    Used    Checksum  Largest unallocated
-----------------------------------------------------------------------------------------
APP_ZP-tiny                   002000-0020ff 000100    7.8%  none      0000ec
APP_RAM_DATA                  002100-005fff 003f00   47.5%  none      002116
  > APP_RAM_DATA-nobits       002100-00320a 00110b  100.0%  none      none
  > APP_RAM_DATA-cbits        00320b-003ead 000ca3  100.0%  none      none
  > APP_RAM_DATA-code         003eae-003ee9 00003c  100.0%  none      002116
APP_ZP                        002100        000000    0.0%  none      000000
CS4B_FLASH                    008000-00ffe3 007fe4    0.0%  none      008000
CS4B_FLASH-vector             00ffe4-00ffff 00001c    7.1%  none      007ffc
APP_RAM_CODE-01               010000-01ffff 010000   22.7%  none      00c5f4
  > APP_RAM_CODE-01-far-cbits 010000-01001e 00001f  100.0%  none      none
  > APP_RAM_CODE-01-farcode   01001f-013a0b 0039ed  100.0%  none      00c5f4
APP_RAM_CODE-02               020000-02ffff 010000    0.0%  none      00fff6
  > APP_RAM_CODE-02-far-cbits 020000-020009 00000a  100.0%  none      00fff6


####################
#                  #
# Sections summary #
#                  #
####################

Name            Range          Size    Memory                    Fragments
--------------------------------------------------------------------------
registers       002000-002013  000014  APP_ZP-tiny               1
zdata           002100-00220a  00010b  APP_RAM_DATA-nobits       27
stack           00220b-00320a  001000  APP_RAM_DATA-nobits       1
cdata           00320b-003ead  000ca3  APP_RAM_DATA-cbits        65
code            003eae-003ee9  00003c  APP_RAM_DATA-code         3
reset           00fffc-00fffd  000002  CS4B_FLASH-vector         1
switch          010000-01000d  00000e  APP_RAM_CODE-01-far-cbits 1
cfar            01000e-01001e  000011  APP_RAM_CODE-01-far-cbits 1
farcode         01001f-013a0b  0039ed  APP_RAM_CODE-01-farcode   89
data_init_table 020000-020009  00000a  APP_RAM_CODE-02-far-cbits 1


###################
#                 #
# Placement rules #
#                 #
###################

Name                        Address range  Key
----------------------------------------------------------------------
APP_RAM_CODE-01             010000-01ffff  Far
  APP_RAM_CODE-01-farcode   010000-01ffff  FarFunction and TEXT
    > farcode
  APP_RAM_CODE-01-far-cbits 010000-01ffff  Far and RODATA
    > data_init_table, switch and cfar
APP_RAM_CODE-02             020000-02ffff  Far
  APP_RAM_CODE-02-farcode   020000-02ffff  FarFunction and TEXT
    > farcode
  APP_RAM_CODE-02-far-cbits 020000-02ffff  Far and RODATA
    > data_init_table, switch and cfar
APP_RAM_DATA                002100-005fff  Plain
  APP_RAM_DATA-nobits       002100-005fff  Plain and BSS
    > zdata
    > stack
  APP_RAM_DATA-bits         002100-005fff  Plain and DATA
  APP_RAM_DATA-cbits        002100-005fff  Plain and RODATA
    > data_init_table and cdata
  APP_RAM_DATA-code         002100-005fff  PlainFunction and TEXT
    > code
APP_ZP                      002100-0020ff  Plain
  APP_ZP-bits               002100-0020ff  Plain and DATA
APP_ZP-tiny                 002000-0020ff  Tiny and BSS
  > registers
CS4B_FLASH-vector           00ffe4-00ffff  Plain
  > (reset 00fffc)
CS4B_FLASH                  008000-00ffe3  Plain
  CS4B_FLASH-cbits          008000-00ffe3  Plain and RODATA
    > data_init_table and cdata
  CS4B_FLASH-code           008000-00ffe3  PlainFunction and TEXT
    > code

Name  Size   Align
-------------------
stack 001000 no

Name             Memory      Offset
------------------------------------
_DirectPageStart APP_ZP-tiny 000000

################
#              #
# Object files #
#              #
################

Unit Filename          Archive
-----------------------------------
  0  build/shell.o     -
          >  cdata   0003fa
          >  farcode 000975
          >  zdata   000042
  1  build/graphics.o  -
          >  cdata   000800
          >  farcode 000489
          >  switch  00000e
  2  build/util.o      -
          >  cdata   000011
          >  cfar    000011
          >  farcode 00058f
  3  build/os.o        -
          >  farcode 0000f7
  4  build/filesys.o   -
          >  cdata   000098
          >  farcode 0021cf
          >  zdata   000041
  6  cstartup.o        clib-lc-sd.a
          # picked based on cstartup=normal (built-in default)
          >  code    00003c
          >  farcode 000001
          >  reset   000002
  7  exit.o            clib-lc-sd.a
          # picked based on exit=stdexit (built-in default)
          >  farcode 000053
  9  controlFlow.o     clib-lc-sd.a
          >  farcode 00000e
 10  pseudoRegisters.o clib-lc-sd.a
          >  registers 000014
 11  atexit.o          clib-lc-sd.a
          >  zdata 000082
 12  exitC99.o         clib-lc-sd.a
          >  farcode 000005
 13  defaultExit.o     clib-lc-sd.a
          >  farcode 000001
 15  streamlist.o      clib-lc-sd.a
          >  zdata 000004
 16  integer.o         clib-lc-sd.a
          >  farcode 0000e1
 17  lib_strtok.o      clib-lc-sd.a
          >  farcode 00000a
          >  zdata   000002
 18  lib_strtokr.o     clib-lc-sd.a
          >  farcode 0000c1
 19  lib_strchr.o      clib-lc-sd.a
          >  farcode 00001e
 20  lib_strcmp.o      clib-lc-sd.a
          >  farcode 000052
 21  initialize.o      clib-lc-sd.a
          # picked based on initialize=normal (built-in default)
          >  farcode 000087
 23  memset_far.o      clib-lc-sd.a
          >  farcode 000048
 24  memcpy_far.o      clib-lc-sd.a
          >  farcode 000047

###################
#                 #
# Cross reference #
#                 #
###################

`?L96` in section 'switch'  placed at address 010000-01000d of size 00000e
(build/graphics.o unit 1 section index 15)
    References:
        rainbow332 in (build/graphics.o unit 1 section index 13)

hex_digits_far in section 'cfar'
 placed at address 01000e-01001e of size 000011
(build/util.o unit 2 section index 17)
    Defines:
        hex_digits_far = 01000e
    Referenced from:
        print_hex8 (build/util.o unit 2 section index 7)
        print_hex_serial (build/util.o unit 2 section index 10)

_Stub_exit in section 'farcode'  placed at address 01001f-01001f of size 000001
(defaultExit.o (from clib-lc-sd.a) unit 13 section index 2)
    Defines:
        _Stub_exit = 01001f
    Referenced from:
        _Exit (exitC99.o (from clib-lc-sd.a) unit 12 section index 2)

__low_level_init in section 'farcode'
 placed at address 010020-010020 of size 000001
(cstartup.o (from clib-lc-sd.a) unit 6 section index 8)
    Defines:
        __low_level_init = 010020
    Referenced from:
        __program_start (cstartup.o (from clib-lc-sd.a) unit 6 section index 2)

os_newline in section 'farcode'  placed at address 010021-010023 of size 000003
(build/os.o unit 3 section index 4)
    Defines:
        os_newline = 010021
    Referenced from:
        (build/shell.o unit 0 section index 14)
        (build/shell.o unit 0 section index 20)
        (build/shell.o unit 0 section index 21)
        (build/shell.o unit 0 section index 22)
        (build/shell.o unit 0 section index 23)
        (build/shell.o unit 0 section index 26)
        (build/shell.o unit 0 section index 30)
        (build/shell.o unit 0 section index 32)
        main (build/shell.o unit 0 section index 33)
        list_root_directory (build/filesys.o unit 4 section index 34)
        print_file_contents (build/filesys.o unit 4 section index 35)
        delete_file (build/filesys.o unit 4 section index 36)

os_c_return in section 'farcode'
 placed at address 010024-010026 of size 000003
(build/os.o unit 3 section index 8)
    Defines:
        os_c_return = 010024
    Referenced from:
        (build/shell.o unit 0 section index 19)

os_clear_screen in section 'farcode'
 placed at address 010027-010029 of size 000003
(build/os.o unit 3 section index 10)
    Defines:
        os_clear_screen = 010027
    Referenced from:
        (build/shell.o unit 0 section index 16)
        (build/shell.o unit 0 section index 25)

os_newline_serial in section 'farcode'
 placed at address 01002a-01002c of size 000003
(build/os.o unit 3 section index 12)
    Defines:
        os_newline_serial = 01002a
    Referenced from:
        (build/shell.o unit 0 section index 21)
        main (build/shell.o unit 0 section index 33)

_Exit in section 'farcode'  placed at address 01002d-010031 of size 000005
(exitC99.o (from clib-lc-sd.a) unit 12 section index 2)
    Defines:
        _Exit = 01002d
    References:
        _Stub_exit in (defaultExit.o (from clib-lc-sd.a) unit 13 section index 2)
    Referenced from:
        exit (exit.o (from clib-lc-sd.a) unit 7 section index 2)

cmd_datetime in section 'farcode'
 placed at address 010032-01003a of size 000009
(build/shell.o unit 0 section index 24)
    References:
        os_newline_with_prompt in (build/os.o unit 3 section index 5)

os_print_char in section 'farcode'
 placed at address 01003b-010044 of size 00000a
(build/os.o unit 3 section index 3)
    Defines:
        os_print_char = 01003b
    Referenced from:
        (build/shell.o unit 0 section index 14)
        (build/shell.o unit 0 section index 16)
        (build/shell.o unit 0 section index 25)
        (build/shell.o unit 0 section index 32)
        main (build/shell.o unit 0 section index 33)
        print_dec8 (build/util.o unit 2 section index 4)
        print_dec_year (build/util.o unit 2 section index 6)
        print_hex8 (build/util.o unit 2 section index 7)
        ... 6 more

os_newline_with_prompt in section 'farcode'
 placed at address 010045-01004e of size 00000a
(build/os.o unit 3 section index 5)
    Defines:
        os_newline_with_prompt = 010045
    References:
        os_print_char in (build/os.o unit 3 section index 3)
    Referenced from:
        (build/shell.o unit 0 section index 15)
        (build/shell.o unit 0 section index 17)
        (build/shell.o unit 0 section index 18)
        (build/shell.o unit 0 section index 20)
        (build/shell.o unit 0 section index 21)
        (build/shell.o unit 0 section index 23)
        (build/shell.o unit 0 section index 24)
        (build/shell.o unit 0 section index 26)
        ... 5 more

os_print_char_serial in section 'farcode'
 placed at address 01004f-010058 of size 00000a
(build/os.o unit 3 section index 11)
    Defines:
        os_print_char_serial = 01004f
    Referenced from:
        (build/shell.o unit 0 section index 21)
        print_hex_serial (build/util.o unit 2 section index 10)
        os_puts_serial (build/os.o unit 3 section index 13)

os_kbd_get_char in section 'farcode'
 placed at address 010059-010062 of size 00000a
(build/os.o unit 3 section index 14)
    Defines:
        os_kbd_get_char = 010059
    Referenced from:
        (build/shell.o unit 0 section index 32)

sdcard_init in section 'farcode'
 placed at address 010063-01006c of size 00000a
(build/filesys.o unit 4 section index 26)
    Defines:
        sdcard_init = 010063
    Referenced from:
        fat_init (build/filesys.o unit 4 section index 33)

strtok in section 'farcode'  placed at address 01006d-010076 of size 00000a
(lib_strtok.o (from clib-lc-sd.a) unit 17 section index 3)
    Defines:
        strtok = 01006d
    References:
        _Dp in (pseudoRegisters.o (from clib-lc-sd.a) unit 10 section index 2)
        strtok_r in (lib_strtokr.o (from clib-lc-sd.a) unit 18 section index 2)
    Referenced from:
        (build/shell.o unit 0 section index 27)
        (build/shell.o unit 0 section index 28)

cmd_help in section 'farcode'  placed at address 010077-010082 of size 00000c
(build/shell.o unit 0 section index 15)
    References:
        `_StringLiteral_[65,118,97,105,108,97,98,108,101,58,32,104,101,108,112,32,40,63,41,44,32,99,108,115,44,32,118,101,114,44,32,100,105,114,44,32,100,101,108,44,32,99,111,112,121,44,32,114,101,110,44,13,32,101,120,105,116,44,32,116,121,112,101,44,32,114,117,110,104,101,120,44,32,109,101,109,100,117,109,112,44,32,108,111,97,100,44,32,100,97,116,101,116,105,109,101,44,13,32,103,102,120,84,101,115,116,44,32,115,101,116,45,100,97,116,101,116,105,109,101,44,32,114,117,110,98,105,110]` in (build/shell.o unit 0 section index 39)
        os_newline_with_prompt in (build/os.o unit 3 section index 5)
        os_puts in (build/os.o unit 3 section index 9)

cmd_cls in section 'farcode'  placed at address 010083-01008e of size 00000c
(build/shell.o unit 0 section index 16)
    References:
        os_clear_screen in (build/os.o unit 3 section index 10)
        os_print_char in (build/os.o unit 3 section index 3)

cmd_exit in section 'farcode'  placed at address 01008f-01009a of size 00000c
(build/shell.o unit 0 section index 19)
    References:
        `_StringLiteral_Exiting shell...` in (build/shell.o unit 0 section index 49)
        os_c_return in (build/os.o unit 3 section index 8)
        os_puts in (build/os.o unit 3 section index 9)

_JmpIndLong in section 'farcode'
 placed at address 01009b-0100a8 of size 00000e
(controlFlow.o (from clib-lc-sd.a) unit 9 section index 3)
    Defines:
        _JmpIndLong = 01009b
    References:
        _Dp in (pseudoRegisters.o (from clib-lc-sd.a) unit 10 section index 2)
    Referenced from:
        execute_command (build/shell.o unit 0 section index 31)
        exit (exit.o (from clib-lc-sd.a) unit 7 section index 2)

`?L38` in section 'farcode'  placed at address 0100a9-0100b6 of size 00000e
(lib_strtokr.o (from clib-lc-sd.a) unit 18 section index 3)
    References:
        _Dp in (pseudoRegisters.o (from clib-lc-sd.a) unit 10 section index 2)
        strchr in (lib_strchr.o (from clib-lc-sd.a) unit 19 section index 2)

cmd_ver in section 'farcode'  placed at address 0100b7-0100c9 of size 000013
(build/shell.o unit 0 section index 17)
    References:
        `_StringLiteral_0.2` in (build/shell.o unit 0 section index 37)
        `_StringLiteral_R265Nibbler Shell version ` in (build/shell.o unit 0 section index 60)
        os_newline_with_prompt in (build/os.o unit 3 section index 5)
        os_puts in (build/os.o unit 3 section index 9)

sdcard_read_sector in section 'farcode'
 placed at address 0100ca-0100dc of size 000013
(build/filesys.o unit 4 section index 27)
    Defines:
        sdcard_read_sector = 0100ca
    Referenced from:
        fat_init (build/filesys.o unit 4 section index 33)
        list_root_directory (build/filesys.o unit 4 section index 34)
        print_file_contents (build/filesys.o unit 4 section index 35)
        delete_file (build/filesys.o unit 4 section index 36)
        allocate_cluster (build/filesys.o unit 4 section index 40)
        load_hex_from_sd (build/filesys.o unit 4 section index 43)
        create_directory_entry (build/filesys.o unit 4 section index 46)
        rename_file (build/filesys.o unit 4 section index 47)
        copy_file (build/filesys.o unit 4 section index 48)
        load_bin_from_sd (build/filesys.o unit 4 section index 49)

sdcard_write_sector in section 'farcode'
 placed at address 0100dd-0100ef of size 000013
(build/filesys.o unit 4 section index 28)
    Defines:
        sdcard_write_sector = 0100dd
    Referenced from:
        delete_file (build/filesys.o unit 4 section index 36)
        allocate_cluster (build/filesys.o unit 4 section index 40)
        create_directory_entry (build/filesys.o unit 4 section index 46)
        rename_file (build/filesys.o unit 4 section index 47)
        copy_file (build/filesys.o unit 4 section index 48)

diagonalColors in section 'farcode'
 placed at address 0100f0-010105 of size 000016
(build/graphics.o unit 1 section index 9)
    Defines:
        diagonalColors = 0100f0
    References:
        gfxFrame1 in (build/graphics.o unit 1 section index 6)
    Referenced from:
        graphics_test (build/graphics.o unit 1 section index 11)

cmd_gfxTest in section 'farcode'
 placed at address 010106-01011c of size 000017
(build/shell.o unit 0 section index 25)
    References:
        delayms in (build/util.o unit 2 section index 3)
        graphics_test in (build/graphics.o unit 1 section index 11)
        os_clear_screen in (build/os.o unit 3 section index 10)
        os_print_char in (build/os.o unit 3 section index 3)

cmd_dir in section 'farcode'  placed at address 01011d-010137 of size 00001b
(build/shell.o unit 0 section index 18)
    References:
        `_StringLiteral_FAT16 Init Failed!` in (build/shell.o unit 0 section index 50)
        fat_init in (build/filesys.o unit 4 section index 33)
        list_root_directory in (build/filesys.o unit 4 section index 34)
        os_newline_with_prompt in (build/os.o unit 3 section index 5)
        os_puts in (build/os.o unit 3 section index 9)

delayms in section 'farcode'  placed at address 010138-010153 of size 00001c
(build/util.o unit 2 section index 3)
    Defines:
        delayms = 010138
    References:
        _Dp in (pseudoRegisters.o (from clib-lc-sd.a) unit 10 section index 2)
    Referenced from:
        (build/shell.o unit 0 section index 25)
        graphics_test (build/graphics.o unit 1 section index 11)

rd16 in section 'farcode'  placed at address 010154-010171 of size 00001e
(build/filesys.o unit 4 section index 31)
    Defines:
        rd16 = 010154
    References:
        _Dp in (pseudoRegisters.o (from clib-lc-sd.a) unit 10 section index 2)
    Referenced from:
        fat_init (build/filesys.o unit 4 section index 33)
        copy_file (build/filesys.o unit 4 section index 48)

strchr in section 'farcode'  placed at address 010172-01018f of size 00001e
(lib_strchr.o (from clib-lc-sd.a) unit 19 section index 2)
    Defines:
        strchr = 010172
    References:
        _Dp in (pseudoRegisters.o (from clib-lc-sd.a) unit 10 section index 2)
    Referenced from:
        (lib_strtokr.o (from clib-lc-sd.a) unit 18 section index 3)

graphics_test in section 'farcode'
 placed at address 010190-0101ae of size 00001f
(build/graphics.o unit 1 section index 11)
    Defines:
        graphics_test = 010190
    References:
        _Dp in (pseudoRegisters.o (from clib-lc-sd.a) unit 10 section index 2)
        delayms in (build/util.o unit 2 section index 3)
        diagonalColors in (build/graphics.o unit 1 section index 9)
        draw_logo_32_scaled_4x in (build/graphics.o unit 1 section index 4)
    Referenced from:
        (build/shell.o unit 0 section index 25)

copy512 in section 'farcode'  placed at address 0101af-0101cf of size 000021
(build/filesys.o unit 4 section index 39)
    Defines:
        copy512 = 0101af
    References:
        _Dp in (pseudoRegisters.o (from clib-lc-sd.a) unit 10 section index 2)
    Referenced from:
        copy_file (build/filesys.o unit 4 section index 48)

cmd_type in section 'farcode'  placed at address 0101d0-0101f4 of size 000025
(build/shell.o unit 0 section index 20)
    References:
        `_StringLiteral_Usage: type <filename>` in (build/shell.o unit 0 section index 71)
        os_newline in (build/os.o unit 3 section index 4)
        os_newline_with_prompt in (build/os.o unit 3 section index 5)
        os_puts in (build/os.o unit 3 section index 9)
        print_file_contents in (build/filesys.o unit 4 section index 35)

os_puts in section 'farcode'  placed at address 0101f5-01021b of size 000027
(build/os.o unit 3 section index 9)
    Defines:
        os_puts = 0101f5
    References:
        os_print_char in (build/os.o unit 3 section index 3)
    Referenced from:
        (build/shell.o unit 0 section index 14)
        (build/shell.o unit 0 section index 15)
        (build/shell.o unit 0 section index 17)
        (build/shell.o unit 0 section index 18)
        (build/shell.o unit 0 section index 19)
        (build/shell.o unit 0 section index 20)
        (build/shell.o unit 0 section index 21)
        (build/shell.o unit 0 section index 22)
        ... 12 more

os_puts_serial in section 'farcode'
 placed at address 01021c-010242 of size 000027
(build/os.o unit 3 section index 13)
    Defines:
        os_puts_serial = 01021c
    References:
        os_print_char_serial in (build/os.o unit 3 section index 11)
    Referenced from:
        main (build/shell.o unit 0 section index 33)

bcd_to_bin in section 'farcode'  placed at address 010243-01026c of size 00002a
(build/util.o unit 2 section index 11)
    Defines:
        bcd_to_bin = 010243
    References:
        _Dp in (pseudoRegisters.o (from clib-lc-sd.a) unit 10 section index 2)
        _Mul16 in (integer.o (from clib-lc-sd.a) unit 16 section index 2)
    Referenced from:
        get_system_time_fat (build/filesys.o unit 4 section index 44)

_Mul16 in section 'farcode'  placed at address 01026d-01029c of size 000030
(integer.o (from clib-lc-sd.a) unit 16 section index 2)
    Defines:
        _Mul16 = 01026d
    References:
        _Dp in (pseudoRegisters.o (from clib-lc-sd.a) unit 10 section index 2)
    Referenced from:
        (build/shell.o unit 0 section index 29)
        execute_command (build/shell.o unit 0 section index 31)
        bcd_to_bin (build/util.o unit 2 section index 11)
        print_file_contents (build/filesys.o unit 4 section index 35)
        load_hex_from_sd (build/filesys.o unit 4 section index 43)
        copy_file (build/filesys.o unit 4 section index 48)
        load_bin_from_sd (build/filesys.o unit 4 section index 49)

rgb332 in section 'farcode'  placed at address 01029d-0102ce of size 000032
(build/graphics.o unit 1 section index 12)
    Defines:
        rgb332 = 01029d
    Referenced from:
        rainbow332 (build/graphics.o unit 1 section index 13)

get_hex_pair in section 'farcode'
 placed at address 0102cf-01030f of size 000041
(build/filesys.o unit 4 section index 45)
    Defines:
        get_hex_pair = 0102cf
    References:
        hex_to_byte in (build/util.o unit 2 section index 12)
    Referenced from:
        load_hex_from_sd (build/filesys.o unit 4 section index 43)

print_hex8 in section 'farcode'  placed at address 010310-010351 of size 000042
(build/util.o unit 2 section index 7)
    Defines:
        print_hex8 = 010310
    References:
        hex_digits_far in (build/util.o unit 2 section index 17)
        os_print_char in (build/os.o unit 3 section index 3)
    Referenced from:
        (build/shell.o unit 0 section index 27)
        (build/shell.o unit 0 section index 28)
        (build/shell.o unit 0 section index 30)

print_hex_serial in section 'farcode'
 placed at address 010352-010393 of size 000042
(build/util.o unit 2 section index 10)
    Defines:
        print_hex_serial = 010352
    References:
        hex_digits_far in (build/util.o unit 2 section index 17)
        os_print_char_serial in (build/os.o unit 3 section index 11)
    Referenced from:
        (build/shell.o unit 0 section index 21)

print_dec8 in section 'farcode'  placed at address 010394-0103d7 of size 000044
(build/util.o unit 2 section index 4)
    Defines:
        print_dec8 = 010394
    References:
        _Div16 in (integer.o (from clib-lc-sd.a) unit 16 section index 7)
        _Mod16 in (integer.o (from clib-lc-sd.a) unit 16 section index 8)
        os_print_char in (build/os.o unit 3 section index 3)
    Referenced from:
        (build/shell.o unit 0 section index 14)
        list_root_directory (build/filesys.o unit 4 section index 34)

__memcpy_far in section 'farcode'
 placed at address 0103d8-01041e of size 000047
(memcpy_far.o (from clib-lc-sd.a) unit 24 section index 2)
    Defines:
        __memcpy_far = 0103d8
    References:
        _Dp in (pseudoRegisters.o (from clib-lc-sd.a) unit 10 section index 2)
    Referenced from:
        __initialize_sections (initialize.o (from clib-lc-sd.a) unit 21 section index 2)

__memset_far in section 'farcode'
 placed at address 01041f-010466 of size 000048
(memset_far.o (from clib-lc-sd.a) unit 23 section index 2)
    Defines:
        __memset_far = 01041f
    References:
        _Dp in (pseudoRegisters.o (from clib-lc-sd.a) unit 10 section index 2)
    Referenced from:
        __initialize_sections (initialize.o (from clib-lc-sd.a) unit 21 section index 2)

main in section 'farcode'  placed at address 010467-0104b7 of size 000051
(build/shell.o unit 0 section index 33)
    Defines:
        main = 010467
    References:
        `_StringLiteral_0.2` in (build/shell.o unit 0 section index 37)
        `_StringLiteral_FAT16 Init Failed!` in (build/shell.o unit 0 section index 50)
        `_StringLiteral_Shell loaded` in (build/shell.o unit 0 section index 62)
        `_StringLiteral_Welcome to the R265Nibbler Shell version ` in (build/shell.o unit 0 section index 72)
        fat_init in (build/filesys.o unit 4 section index 33)
        os_newline in (build/os.o unit 3 section index 4)
        os_newline_serial in (build/os.o unit 3 section index 12)
        os_print_char in (build/os.o unit 3 section index 3)
        os_puts in (build/os.o unit 3 section index 9)
        os_puts_serial in (build/os.o unit 3 section index 13)
    Referenced from:
        (cstartup.o (from clib-lc-sd.a) unit 6 section index 6)

strcmp in section 'farcode'  placed at address 0104b8-010509 of size 000052
(lib_strcmp.o (from clib-lc-sd.a) unit 20 section index 2)
    Defines:
        strcmp = 0104b8
    References:
        _Dp in (pseudoRegisters.o (from clib-lc-sd.a) unit 10 section index 2)
    Referenced from:
        execute_command (build/shell.o unit 0 section index 31)

exit in section 'farcode'  placed at address 01050a-01055c of size 000053
(exit.o (from clib-lc-sd.a) unit 7 section index 2)
    Defines:
        exit = 01050a
    References:
        _Dp in (pseudoRegisters.o (from clib-lc-sd.a) unit 10 section index 2)
        _Exit in (exitC99.o (from clib-lc-sd.a) unit 12 section index 2)
        _ExitCloseStreams in (streamlist.o (from clib-lc-sd.a) unit 15 section index 2)
        _JmpIndLong in (controlFlow.o (from clib-lc-sd.a) unit 9 section index 3)
        __atexit in (atexit.o (from clib-lc-sd.a) unit 11 section index 2)
        __atexit_index in (atexit.o (from clib-lc-sd.a) unit 11 section index 3)
    Referenced from:
        (cstartup.o (from clib-lc-sd.a) unit 6 section index 6)

print_dec_year in section 'farcode'
 placed at address 01055d-0105b6 of size 00005a
(build/util.o unit 2 section index 6)
    Defines:
        print_dec_year = 01055d
    References:
        _UDivMod16 in (integer.o (from clib-lc-sd.a) unit 16 section index 6)
        os_print_char in (build/os.o unit 3 section index 3)
    Referenced from:
        (build/shell.o unit 0 section index 14)
        list_root_directory (build/filesys.o unit 4 section index 34)

dec_to_bcd in section 'farcode'  placed at address 0105b7-010612 of size 00005c
(build/util.o unit 2 section index 16)
    Defines:
        dec_to_bcd = 0105b7
    Referenced from:
        (build/shell.o unit 0 section index 29)

delay in section 'farcode'  placed at address 010613-010671 of size 00005f
(build/util.o unit 2 section index 2)
    Defines:
        delay = 010613
    References:
        _Dp in (pseudoRegisters.o (from clib-lc-sd.a) unit 10 section index 2)
    Referenced from:
        draw_logo_32_scaled_4x (build/graphics.o unit 1 section index 4)
        gfxFrame1 (build/graphics.o unit 1 section index 6)

hex_to_byte in section 'farcode'
 placed at address 010672-0106d4 of size 000063
(build/util.o unit 2 section index 12)
    Defines:
        hex_to_byte = 010672
    Referenced from:
        get_hex_pair (build/filesys.o unit 4 section index 45)

cmd_copy in section 'farcode'  placed at address 0106d5-010739 of size 000065
(build/shell.o unit 0 section index 27)
    References:
        _Dp in (pseudoRegisters.o (from clib-lc-sd.a) unit 10 section index 2)
        `_StringLiteral_ ` in (build/shell.o unit 0 section index 36)
        `_StringLiteral_Error: ` in (build/shell.o unit 0 section index 44)
        `_StringLiteral_File copied.` in (build/shell.o unit 0 section index 52)
        `_StringLiteral_Usage: copy <src> <dst>` in (build/shell.o unit 0 section index 65)
        copy_file in (build/filesys.o unit 4 section index 48)
        os_newline_with_prompt in (build/os.o unit 3 section index 5)
        os_puts in (build/os.o unit 3 section index 9)
        print_hex8 in (build/util.o unit 2 section index 7)
        strtok in (lib_strtok.o (from clib-lc-sd.a) unit 17 section index 3)

cmd_ren in section 'farcode'  placed at address 01073a-01079e of size 000065
(build/shell.o unit 0 section index 28)
    References:
        _Dp in (pseudoRegisters.o (from clib-lc-sd.a) unit 10 section index 2)
        `_StringLiteral_ ` in (build/shell.o unit 0 section index 36)
        `_StringLiteral_Error: ` in (build/shell.o unit 0 section index 44)
        `_StringLiteral_File renamed.` in (build/shell.o unit 0 section index 54)
        `_StringLiteral_Usage: ren <old> <new>` in (build/shell.o unit 0 section index 68)
        os_newline_with_prompt in (build/os.o unit 3 section index 5)
        os_puts in (build/os.o unit 3 section index 9)
        print_hex8 in (build/util.o unit 2 section index 7)
        rename_file in (build/filesys.o unit 4 section index 47)
        strtok in (lib_strtok.o (from clib-lc-sd.a) unit 17 section index 3)

print_hex32 in section 'farcode'
 placed at address 01079f-010807 of size 000069
(build/util.o unit 2 section index 9)
    Defines:
        print_hex32 = 01079f
    References:
        _Dp in (pseudoRegisters.o (from clib-lc-sd.a) unit 10 section index 2)
        hex_digits in (build/util.o unit 2 section index 18)
        os_print_char in (build/os.o unit 3 section index 3)
    Referenced from:
        (build/shell.o unit 0 section index 22)
        (build/shell.o unit 0 section index 23)

os_draw_rectangle in section 'farcode'
 placed at address 010808-01087c of size 000075
(build/os.o unit 3 section index 2)
    Defines:
        os_draw_rectangle = 010808
    References:
        _Dp in (pseudoRegisters.o (from clib-lc-sd.a) unit 10 section index 2)
    Referenced from:
        draw_logo_32_scaled_4x (build/graphics.o unit 1 section index 4)
        gfxFrame1 (build/graphics.o unit 1 section index 6)

__initialize_sections in section 'farcode'
 placed at address 01087d-010903 of size 000087
(initialize.o (from clib-lc-sd.a) unit 21 section index 2)
    Defines:
        __initialize_sections = 01087d
    References:
        _Dp in (pseudoRegisters.o (from clib-lc-sd.a) unit 10 section index 2)
        __memcpy_far in (memcpy_far.o (from clib-lc-sd.a) unit 24 section index 2)
        __memset_far in (memset_far.o (from clib-lc-sd.a) unit 23 section index 2)
    Referenced from:
        __data_initialization_needed (cstartup.o (from clib-lc-sd.a) unit 6 section index 3)

cmd_del in section 'farcode'  placed at address 010904-01098f of size 00008c
(build/shell.o unit 0 section index 26)
    References:
        `_StringLiteral_Deleting: ` in (build/shell.o unit 0 section index 42)
        `_StringLiteral_Error: Could not update FAT.` in (build/shell.o unit 0 section index 45)
        `_StringLiteral_Error: File not found.` in (build/filesys.o unit 4 section index 63)
        `_StringLiteral_FS not init.` in (build/filesys.o unit 4 section index 68)
        `_StringLiteral_File deleted successfully.` in (build/shell.o unit 0 section index 53)
        `_StringLiteral_Unknown error during deletion.` in (build/shell.o unit 0 section index 64)
        `_StringLiteral_Usage: del <filename>` in (build/shell.o unit 0 section index 66)
        delete_file in (build/filesys.o unit 4 section index 36)
        g_fat_initialized in (build/filesys.o unit 4 section index 15)
        os_newline in (build/os.o unit 3 section index 4)
        os_newline_with_prompt in (build/os.o unit 3 section index 5)
        os_puts in (build/os.o unit 3 section index 9)

rd32 in section 'farcode'  placed at address 010990-010a1d of size 00008e
(build/filesys.o unit 4 section index 32)
    Defines:
        rd32 = 010990
    References:
        _Dp in (pseudoRegisters.o (from clib-lc-sd.a) unit 10 section index 2)
    Referenced from:
        fat_init (build/filesys.o unit 4 section index 33)
        copy_file (build/filesys.o unit 4 section index 48)

cmd_run_bin in section 'farcode'
 placed at address 010a1e-010ab1 of size 000094
(build/shell.o unit 0 section index 30)
    References:
        _Dp in (pseudoRegisters.o (from clib-lc-sd.a) unit 10 section index 2)
        `_StringLiteral_Back to Shell...` in (build/shell.o unit 0 section index 40)
        `_StringLiteral_Error loading file: ` in (build/shell.o unit 0 section index 43)
        `_StringLiteral_FS not init.` in (build/filesys.o unit 4 section index 68)
        `_StringLiteral_Jumping to 03:0000...` in (build/shell.o unit 0 section index 56)
        `_StringLiteral_Loading: ` in (build/shell.o unit 0 section index 59)
        `_StringLiteral_Usage: run <filename>` in (build/shell.o unit 0 section index 69)
        g_fat_initialized in (build/filesys.o unit 4 section index 15)
        ... 5 more

strtok_r in section 'farcode'  placed at address 010ab2-010b64 of size 0000b3
(lib_strtokr.o (from clib-lc-sd.a) unit 18 section index 2)
    Defines:
        strtok_r = 010ab2
    References:
        _Dp in (pseudoRegisters.o (from clib-lc-sd.a) unit 10 section index 2)
    Referenced from:
        strtok (lib_strtok.o (from clib-lc-sd.a) unit 17 section index 3)

cmd_load_hex in section 'farcode'
 placed at address 010b65-010c1a of size 0000b6
(build/shell.o unit 0 section index 23)
    References:
        _Dp in (pseudoRegisters.o (from clib-lc-sd.a) unit 10 section index 2)
        `_StringLiteral_FS not init.` in (build/filesys.o unit 4 section index 68)
        `_StringLiteral_Jump address of 0x` in (build/shell.o unit 0 section index 55)
        `_StringLiteral_Loading: ` in (build/shell.o unit 0 section index 59)
        `_StringLiteral_Usage: run <filename>` in (build/shell.o unit 0 section index 69)
        g_fat_initialized in (build/filesys.o unit 4 section index 15)
        load_hex_from_sd in (build/filesys.o unit 4 section index 43)
        os_newline in (build/os.o unit 3 section index 4)
        os_newline_with_prompt in (build/os.o unit 3 section index 5)
        os_puts in (build/os.o unit 3 section index 9)
        print_hex32 in (build/util.o unit 2 section index 9)

DivMod16 in section 'farcode'  placed at address 010c1b-010c2c of size 000012
(integer.o (from clib-lc-sd.a) unit 16 section index 5)
    References:
        _UDivMod16 in (integer.o (from clib-lc-sd.a) unit 16 section index 6)

_UDivMod16 in section 'farcode'  placed at address 010c2d-010c51 of size 000025
(integer.o (from clib-lc-sd.a) unit 16 section index 6)
    Defines:
        _UDivMod16 = 010c2d
    References:
        _Dp in (pseudoRegisters.o (from clib-lc-sd.a) unit 10 section index 2)
    Referenced from:
        print_dec_year (build/util.o unit 2 section index 6)
        (integer.o (from clib-lc-sd.a) unit 16 section index 5)

_Div16 in section 'farcode'  placed at address 010c52-010c5f of size 00000e
(integer.o (from clib-lc-sd.a) unit 16 section index 7)
    Defines:
        _Div16 = 010c52
    References:
        _DivModSign16 in (integer.o (from clib-lc-sd.a) unit 16 section index 9)
    Referenced from:
        print_dec8 (build/util.o unit 2 section index 4)

_Mod16 in section 'farcode'  placed at address 010c60-010c64 of size 000005
(integer.o (from clib-lc-sd.a) unit 16 section index 8)
    Defines:
        _Mod16 = 010c60
    Referenced from:
        print_dec8 (build/util.o unit 2 section index 4)

_DivModSign16 in section 'farcode'
 placed at address 010c65-010c6c of size 000008
(integer.o (from clib-lc-sd.a) unit 16 section index 9)
    Defines:
        _DivModSign16 = 010c65
    Referenced from:
        _Div16 (integer.o (from clib-lc-sd.a) unit 16 section index 7)

_UDivMod32 in section 'farcode'  placed at address 010c6d-010cb5 of size 000049
(integer.o (from clib-lc-sd.a) unit 16 section index 11)
    Defines:
        _UDivMod32 = 010c6d
    References:
        _Dp in (pseudoRegisters.o (from clib-lc-sd.a) unit 10 section index 2)
    Referenced from:
        print_padded_dec32 (build/util.o unit 2 section index 15)

_DivModSign32 in section 'farcode'
 placed at address 010cb6-010ccb of size 000016
(integer.o (from clib-lc-sd.a) unit 16 section index 14)
    Defines:
        _DivModSign32 = 010cb6
    References:
        _Dp in (pseudoRegisters.o (from clib-lc-sd.a) unit 10 section index 2)

keyboard_check in section 'farcode'
 placed at address 010ccc-010d84 of size 0000b9
(build/shell.o unit 0 section index 32)
    References:
        execute_command in (build/shell.o unit 0 section index 31)
        os_kbd_get_char in (build/os.o unit 3 section index 14)
        os_newline in (build/os.o unit 3 section index 4)
        os_print_char in (build/os.o unit 3 section index 3)

display_date_time in section 'farcode'
 placed at address 010d85-010e49 of size 0000c5
(build/shell.o unit 0 section index 14)
    References:
        _Dp in (pseudoRegisters.o (from clib-lc-sd.a) unit 10 section index 2)
        `_StringLiteral_ ` in (build/shell.o unit 0 section index 36)
        `_StringLiteral_Current Date/Time: ` in (build/shell.o unit 0 section index 41)
        get_system_time_fat in (build/filesys.o unit 4 section index 44)
        os_newline in (build/os.o unit 3 section index 4)
        os_print_char in (build/os.o unit 3 section index 3)
        os_puts in (build/os.o unit 3 section index 9)
        print_dec8 in (build/util.o unit 2 section index 4)
        print_dec_year in (build/util.o unit 2 section index 6)

cmd_run_hex in section 'farcode'
 placed at address 010e4a-010f0f of size 0000c6
(build/shell.o unit 0 section index 22)
    References:
        _Dp in (pseudoRegisters.o (from clib-lc-sd.a) unit 10 section index 2)
        `_StringLiteral_Back to Shell...` in (build/shell.o unit 0 section index 40)
        `_StringLiteral_FS not init.` in (build/filesys.o unit 4 section index 68)
        `_StringLiteral_Jumping to 0x` in (build/shell.o unit 0 section index 57)
        `_StringLiteral_Loading and executing: ` in (build/shell.o unit 0 section index 58)
        `_StringLiteral_Usage: run <filename>` in (build/shell.o unit 0 section index 69)
        g_fat_initialized in (build/filesys.o unit 4 section index 15)
        load_hex_from_sd in (build/filesys.o unit 4 section index 43)
        os_newline in (build/os.o unit 3 section index 4)
        os_puts in (build/os.o unit 3 section index 9)
        print_hex32 in (build/util.o unit 2 section index 9)

fat_init in section 'farcode'  placed at address 010f10-010fd6 of size 0000c7
(build/filesys.o unit 4 section index 33)
    Defines:
        fat_init = 010f10
    References:
        g_data_lba_start in (build/filesys.o unit 4 section index 24)
        g_fat_initialized in (build/filesys.o unit 4 section index 15)
        g_fat_size_sectors in (build/filesys.o unit 4 section index 19)
        g_partition_lba_start in (build/filesys.o unit 4 section index 17)
        g_root_lba_start in (build/filesys.o unit 4 section index 22)
        g_root_sz_sects in (build/filesys.o unit 4 section index 23)
        g_rsvd_sec_cnt in (build/filesys.o unit 4 section index 18)
        g_sectors_per_cluster in (build/filesys.o unit 4 section index 25)
        rd16 in (build/filesys.o unit 4 section index 31)
        rd32 in (build/filesys.o unit 4 section index 32)
        sdcard_init in (build/filesys.o unit 4 section index 26)
        sdcard_read_sector in (build/filesys.o unit 4 section index 27)
    Referenced from:
        (build/shell.o unit 0 section index 18)
        main (build/shell.o unit 0 section index 33)

execute_command in section 'farcode'
 placed at address 010fd7-0110a7 of size 0000d1
(build/shell.o unit 0 section index 31)
    Defines:
        execute_command = 010fd7
    References:
        _Dp in (pseudoRegisters.o (from clib-lc-sd.a) unit 10 section index 2)
        _JmpIndLong in (controlFlow.o (from clib-lc-sd.a) unit 9 section index 3)
        _Mul16 in (integer.o (from clib-lc-sd.a) unit 16 section index 2)
        `_StringLiteral_Unknown command.` in (build/shell.o unit 0 section index 63)
        command_table in (build/shell.o unit 0 section index 34)
        os_newline_with_prompt in (build/os.o unit 3 section index 5)
        os_puts in (build/os.o unit 3 section index 9)
        strcmp in (lib_strcmp.o (from clib-lc-sd.a) unit 20 section index 2)
    Referenced from:
        (build/shell.o unit 0 section index 32)

gfxFrame1 in section 'farcode'  placed at address 0110a8-011191 of size 0000ea
(build/graphics.o unit 1 section index 6)
    Defines:
        gfxFrame1 = 0110a8
    References:
        _Dp in (pseudoRegisters.o (from clib-lc-sd.a) unit 10 section index 2)
        delay in (build/util.o unit 2 section index 2)
        os_draw_rectangle in (build/os.o unit 3 section index 2)
        rainbow332 in (build/graphics.o unit 1 section index 13)
    Referenced from:
        diagonalColors (build/graphics.o unit 1 section index 9)

get_system_time_fat in section 'farcode'
 placed at address 011192-011282 of size 0000f1
(build/filesys.o unit 4 section index 44)
    Defines:
        get_system_time_fat = 011192
    References:
        _Dp in (pseudoRegisters.o (from clib-lc-sd.a) unit 10 section index 2)
        bcd_to_bin in (build/util.o unit 2 section index 11)
    Referenced from:
        (build/shell.o unit 0 section index 14)
        create_directory_entry (build/filesys.o unit 4 section index 46)
        rename_file (build/filesys.o unit 4 section index 47)

draw_logo_32_scaled_4x in section 'farcode'
 placed at address 011283-0113a1 of size 00011f
(build/graphics.o unit 1 section index 4)
    Defines:
        draw_logo_32_scaled_4x = 011283
    References:
        _Dp in (pseudoRegisters.o (from clib-lc-sd.a) unit 10 section index 2)
        delay in (build/util.o unit 2 section index 2)
        os_draw_rectangle in (build/os.o unit 3 section index 2)
        rehsd_raw_565 in (build/graphics.o unit 1 section index 2)
    Referenced from:
        graphics_test (build/graphics.o unit 1 section index 11)

hex_to_long in section 'farcode'
 placed at address 0113a2-0114c9 of size 000128
(build/util.o unit 2 section index 13)
    Defines:
        hex_to_long = 0113a2
    References:
        _Dp in (pseudoRegisters.o (from clib-lc-sd.a) unit 10 section index 2)
    Referenced from:
        (build/shell.o unit 0 section index 21)

allocate_cluster in section 'farcode'
 placed at address 0114ca-0115ff of size 000136
(build/filesys.o unit 4 section index 40)
    Defines:
        allocate_cluster = 0114ca
    References:
        _Dp in (pseudoRegisters.o (from clib-lc-sd.a) unit 10 section index 2)
        g_fat_size_sectors in (build/filesys.o unit 4 section index 19)
        g_partition_lba_start in (build/filesys.o unit 4 section index 17)
        g_rsvd_sec_cnt in (build/filesys.o unit 4 section index 18)
        sdcard_read_sector in (build/filesys.o unit 4 section index 27)
        sdcard_write_sector in (build/filesys.o unit 4 section index 28)
    Referenced from:
        copy_file (build/filesys.o unit 4 section index 48)

format_fat_name in section 'farcode'
 placed at address 011600-011762 of size 000163
(build/filesys.o unit 4 section index 30)
    Defines:
        format_fat_name = 011600
    References:
        _Dp in (pseudoRegisters.o (from clib-lc-sd.a) unit 10 section index 2)
    Referenced from:
        print_file_contents (build/filesys.o unit 4 section index 35)
        delete_file (build/filesys.o unit 4 section index 36)
        load_hex_from_sd (build/filesys.o unit 4 section index 43)
        create_directory_entry (build/filesys.o unit 4 section index 46)
        rename_file (build/filesys.o unit 4 section index 47)
        copy_file (build/filesys.o unit 4 section index 48)
        load_bin_from_sd (build/filesys.o unit 4 section index 49)

cmd_memdump_serial in section 'farcode'
 placed at address 011763-0118c7 of size 000165
(build/shell.o unit 0 section index 21)
    References:
        _Dp in (pseudoRegisters.o (from clib-lc-sd.a) unit 10 section index 2)
        `_StringLiteral_Error: Missing byte count.` in (build/shell.o unit 0 section index 47)
        `_StringLiteral_Example: memdump 0x005000 0x80` in (build/shell.o unit 0 section index 48)
        `_StringLiteral_Usage: memdump [addr_hex] [bytes_hex]` in (build/shell.o unit 0 section index 67)
        hex_to_long in (build/util.o unit 2 section index 13)
        os_newline in (build/os.o unit 3 section index 4)
        os_newline_serial in (build/os.o unit 3 section index 12)
        os_newline_with_prompt in (build/os.o unit 3 section index 5)
        os_print_char_serial in (build/os.o unit 3 section index 11)
        os_puts in (build/os.o unit 3 section index 9)
        print_hex_serial in (build/util.o unit 2 section index 10)

cmd_setdatetime in section 'farcode'
 placed at address 0118c8-011a3a of size 000173
(build/shell.o unit 0 section index 29)
    References:
        _Dp in (pseudoRegisters.o (from clib-lc-sd.a) unit 10 section index 2)
        _Mul16 in (integer.o (from clib-lc-sd.a) unit 16 section index 2)
        `_StringLiteral_RTC Updated.` in (build/shell.o unit 0 section index 61)
        `_StringLiteral_Usage: set-datetime YY MM DD HH MM SS` in (build/shell.o unit 0 section index 70)
        dec_to_bcd in (build/util.o unit 2 section index 16)
        os_newline_with_prompt in (build/os.o unit 3 section index 5)
        os_puts in (build/os.o unit 3 section index 9)

print_padded_dec32 in section 'farcode'
 placed at address 011a3b-011bb2 of size 000178
(build/util.o unit 2 section index 15)
    Defines:
        print_padded_dec32 = 011a3b
    References:
        _Dp in (pseudoRegisters.o (from clib-lc-sd.a) unit 10 section index 2)
        _UDivMod32 in (integer.o (from clib-lc-sd.a) unit 16 section index 11)
        os_print_char in (build/os.o unit 3 section index 3)
        os_puts in (build/os.o unit 3 section index 9)
    Referenced from:
        list_root_directory (build/filesys.o unit 4 section index 34)

rainbow332 in section 'farcode'  placed at address 011bb3-011dcb of size 000219
(build/graphics.o unit 1 section index 13)
    Defines:
        rainbow332 = 011bb3
    References:
        rgb332 in (build/graphics.o unit 1 section index 12)
    Referenced from:
        gfxFrame1 (build/graphics.o unit 1 section index 6)
        (build/graphics.o unit 1 section index 15)

delete_file in section 'farcode'
 placed at address 011dcc-01201c of size 000251
(build/filesys.o unit 4 section index 36)
    Defines:
        delete_file = 011dcc
    References:
        _Dp in (pseudoRegisters.o (from clib-lc-sd.a) unit 10 section index 2)
        `_StringLiteral_Existing file found - deleting...` in (build/filesys.o unit 4 section index 64)
        format_fat_name in (build/filesys.o unit 4 section index 30)
        g_fat_initialized in (build/filesys.o unit 4 section index 15)
        g_fat_size_sectors in (build/filesys.o unit 4 section index 19)
        g_partition_lba_start in (build/filesys.o unit 4 section index 17)
        g_root_lba_start in (build/filesys.o unit 4 section index 22)
        g_root_sz_sects in (build/filesys.o unit 4 section index 23)
        ... 5 more
    Referenced from:
        (build/shell.o unit 0 section index 26)
        copy_file (build/filesys.o unit 4 section index 48)

create_directory_entry in section 'farcode'
 placed at address 01201d-0122f3 of size 0002d7
(build/filesys.o unit 4 section index 46)
    Defines:
        create_directory_entry = 01201d
    References:
        _Dp in (pseudoRegisters.o (from clib-lc-sd.a) unit 10 section index 2)
        format_fat_name in (build/filesys.o unit 4 section index 30)
        g_root_lba_start in (build/filesys.o unit 4 section index 22)
        g_root_sz_sects in (build/filesys.o unit 4 section index 23)
        get_system_time_fat in (build/filesys.o unit 4 section index 44)
        sdcard_read_sector in (build/filesys.o unit 4 section index 27)
        sdcard_write_sector in (build/filesys.o unit 4 section index 28)
    Referenced from:
        copy_file (build/filesys.o unit 4 section index 48)

rename_file in section 'farcode'
 placed at address 0122f4-012622 of size 00032f
(build/filesys.o unit 4 section index 47)
    Defines:
        rename_file = 0122f4
    References:
        _Dp in (pseudoRegisters.o (from clib-lc-sd.a) unit 10 section index 2)
        format_fat_name in (build/filesys.o unit 4 section index 30)
        g_fat_initialized in (build/filesys.o unit 4 section index 15)
        g_root_lba_start in (build/filesys.o unit 4 section index 22)
        g_root_sz_sects in (build/filesys.o unit 4 section index 23)
        get_system_time_fat in (build/filesys.o unit 4 section index 44)
        sdcard_read_sector in (build/filesys.o unit 4 section index 27)
        sdcard_write_sector in (build/filesys.o unit 4 section index 28)
    Referenced from:
        (build/shell.o unit 0 section index 28)

load_bin_from_sd in section 'farcode'
 placed at address 012623-0129bf of size 00039d
(build/filesys.o unit 4 section index 49)
    Defines:
        load_bin_from_sd = 012623
    References:
        _Dp in (pseudoRegisters.o (from clib-lc-sd.a) unit 10 section index 2)
        _Mul16 in (integer.o (from clib-lc-sd.a) unit 16 section index 2)
        format_fat_name in (build/filesys.o unit 4 section index 30)
        g_data_lba_start in (build/filesys.o unit 4 section index 24)
        g_root_lba_start in (build/filesys.o unit 4 section index 22)
        g_root_sz_sects in (build/filesys.o unit 4 section index 23)
        g_sectors_per_cluster in (build/filesys.o unit 4 section index 25)
        sdcard_read_sector in (build/filesys.o unit 4 section index 27)
    Referenced from:
        (build/shell.o unit 0 section index 30)

print_file_contents in section 'farcode'
 placed at address 0129c0-012d6e of size 0003af
(build/filesys.o unit 4 section index 35)
    Defines:
        print_file_contents = 0129c0
    References:
        _Dp in (pseudoRegisters.o (from clib-lc-sd.a) unit 10 section index 2)
        _Mul16 in (integer.o (from clib-lc-sd.a) unit 16 section index 2)
        `_StringLiteral_ ---` in (build/filesys.o unit 4 section index 56)
        `_StringLiteral_--- ` in (build/filesys.o unit 4 section index 57)
        `_StringLiteral_------------------` in (build/filesys.o unit 4 section index 58)
        `_StringLiteral_Error: File not found.` in (build/filesys.o unit 4 section index 63)
        `_StringLiteral_FS not init.` in (build/filesys.o unit 4 section index 68)
        `_StringLiteral_Read Error.` in (build/filesys.o unit 4 section index 72)
        ... 10 more
    Referenced from:
        (build/shell.o unit 0 section index 20)

load_hex_from_sd in section 'farcode'
 placed at address 012d6f-013133 of size 0003c5
(build/filesys.o unit 4 section index 43)
    Defines:
        load_hex_from_sd = 012d6f
    References:
        _Dp in (pseudoRegisters.o (from clib-lc-sd.a) unit 10 section index 2)
        _Mul16 in (integer.o (from clib-lc-sd.a) unit 16 section index 2)
        format_fat_name in (build/filesys.o unit 4 section index 30)
        g_data_lba_start in (build/filesys.o unit 4 section index 24)
        g_root_lba_start in (build/filesys.o unit 4 section index 22)
        g_root_sz_sects in (build/filesys.o unit 4 section index 23)
        g_sectors_per_cluster in (build/filesys.o unit 4 section index 25)
        get_hex_pair in (build/filesys.o unit 4 section index 45)
        sdcard_read_sector in (build/filesys.o unit 4 section index 27)
        target_fat_name in (build/filesys.o unit 4 section index 2)
    Referenced from:
        (build/shell.o unit 0 section index 22)
        (build/shell.o unit 0 section index 23)

copy_file in section 'farcode'  placed at address 013134-01357d of size 00044a
(build/filesys.o unit 4 section index 48)
    Defines:
        copy_file = 013134
    References:
        _Dp in (pseudoRegisters.o (from clib-lc-sd.a) unit 10 section index 2)
        _Mul16 in (integer.o (from clib-lc-sd.a) unit 16 section index 2)
        allocate_cluster in (build/filesys.o unit 4 section index 40)
        copy512 in (build/filesys.o unit 4 section index 39)
        create_directory_entry in (build/filesys.o unit 4 section index 46)
        delete_file in (build/filesys.o unit 4 section index 36)
        format_fat_name in (build/filesys.o unit 4 section index 30)
        g_data_lba_start in (build/filesys.o unit 4 section index 24)
        ... 11 more
    Referenced from:
        (build/shell.o unit 0 section index 27)

list_root_directory in section 'farcode'
 placed at address 01357e-013a0b of size 00048e
(build/filesys.o unit 4 section index 34)
    Defines:
        list_root_directory = 01357e
    References:
        _Dp in (pseudoRegisters.o (from clib-lc-sd.a) unit 10 section index 2)
        `_StringLiteral_  ` in (build/filesys.o unit 4 section index 52)
        `_StringLiteral_<DIR>          ` in (build/filesys.o unit 4 section index 59)
        `_StringLiteral_<VOL> ` in (build/filesys.o unit 4 section index 60)
        `_StringLiteral_Dir Read Error` in (build/filesys.o unit 4 section index 61)
        `_StringLiteral_FS not init.` in (build/filesys.o unit 4 section index 68)
        g_fat_initialized in (build/filesys.o unit 4 section index 15)
        g_root_lba_start in (build/filesys.o unit 4 section index 22)
        ... 8 more
    Referenced from:
        (build/shell.o unit 0 section index 18)

Section 'data_init_table'  placed at address 020000-020009 of size 00000a
(linker generated)

`_StringLiteral_ ` in section 'cdata'
 placed at address 00320b-00320c of size 000002
(build/shell.o unit 0 section index 36)
    Defines:
        `_StringLiteral_ ` = 00320b
    Referenced from:
        (build/shell.o unit 0 section index 14)
        (build/shell.o unit 0 section index 27)
        (build/shell.o unit 0 section index 28)

`_StringLiteral_?` in section 'cdata'
 placed at address 00320d-00320e of size 000002
(build/shell.o unit 0 section index 38)
    Defines:
        `_StringLiteral_?` = 00320d
    Referenced from:
        command_table (build/shell.o unit 0 section index 34)

`_StringLiteral_  ` in section 'cdata'
 placed at address 00320f-003211 of size 000003
(build/filesys.o unit 4 section index 52)
    Defines:
        `_StringLiteral_  ` = 00320f
    Referenced from:
        list_root_directory (build/filesys.o unit 4 section index 34)

`_StringLiteral_0.2` in section 'cdata'
 placed at address 003212-003215 of size 000004
(build/shell.o unit 0 section index 37)
    Defines:
        `_StringLiteral_0.2` = 003212
    Referenced from:
        (build/shell.o unit 0 section index 17)
        main (build/shell.o unit 0 section index 33)

_StringLiteral_cls in section 'cdata'
 placed at address 003216-003219 of size 000004
(build/shell.o unit 0 section index 73)
    Defines:
        _StringLiteral_cls = 003216
    Referenced from:
        command_table (build/shell.o unit 0 section index 34)

_StringLiteral_del in section 'cdata'
 placed at address 00321a-00321d of size 000004
(build/shell.o unit 0 section index 76)
    Defines:
        _StringLiteral_del = 00321a
    Referenced from:
        command_table (build/shell.o unit 0 section index 34)

_StringLiteral_dir in section 'cdata'
 placed at address 00321e-003221 of size 000004
(build/shell.o unit 0 section index 77)
    Defines:
        _StringLiteral_dir = 00321e
    Referenced from:
        command_table (build/shell.o unit 0 section index 34)

_StringLiteral_ren in section 'cdata'
 placed at address 003222-003225 of size 000004
(build/shell.o unit 0 section index 83)
    Defines:
        _StringLiteral_ren = 003222
    Referenced from:
        command_table (build/shell.o unit 0 section index 34)

_StringLiteral_ver in section 'cdata'
 placed at address 003226-003229 of size 000004
(build/shell.o unit 0 section index 88)
    Defines:
        _StringLiteral_ver = 003226
    Referenced from:
        command_table (build/shell.o unit 0 section index 34)

_StringLiteral_copy in section 'cdata'
 placed at address 00322a-00322e of size 000005
(build/shell.o unit 0 section index 74)
    Defines:
        _StringLiteral_copy = 00322a
    Referenced from:
        command_table (build/shell.o unit 0 section index 34)

_StringLiteral_exit in section 'cdata'
 placed at address 00322f-003233 of size 000005
(build/shell.o unit 0 section index 78)
    Defines:
        _StringLiteral_exit = 00322f
    Referenced from:
        command_table (build/shell.o unit 0 section index 34)

_StringLiteral_help in section 'cdata'
 placed at address 003234-003238 of size 000005
(build/shell.o unit 0 section index 80)
    Defines:
        _StringLiteral_help = 003234
    Referenced from:
        command_table (build/shell.o unit 0 section index 34)

_StringLiteral_load in section 'cdata'
 placed at address 003239-00323d of size 000005
(build/shell.o unit 0 section index 81)
    Defines:
        _StringLiteral_load = 003239
    Referenced from:
        command_table (build/shell.o unit 0 section index 34)

_StringLiteral_type in section 'cdata'
 placed at address 00323e-003242 of size 000005
(build/shell.o unit 0 section index 87)
    Defines:
        _StringLiteral_type = 00323e
    Referenced from:
        command_table (build/shell.o unit 0 section index 34)

`_StringLiteral_ ---` in section 'cdata'
 placed at address 003243-003247 of size 000005
(build/filesys.o unit 4 section index 56)
    Defines:
        `_StringLiteral_ ---` = 003243
    Referenced from:
        print_file_contents (build/filesys.o unit 4 section index 35)

`_StringLiteral_--- ` in section 'cdata'
 placed at address 003248-00324c of size 000005
(build/filesys.o unit 4 section index 57)
    Defines:
        `_StringLiteral_--- ` = 003248
    Referenced from:
        print_file_contents (build/filesys.o unit 4 section index 35)

_StringLiteral_runbin in section 'cdata'
 placed at address 00324d-003253 of size 000007
(build/shell.o unit 0 section index 84)
    Defines:
        _StringLiteral_runbin = 00324d
    Referenced from:
        command_table (build/shell.o unit 0 section index 34)

_StringLiteral_runhex in section 'cdata'
 placed at address 003254-00325a of size 000007
(build/shell.o unit 0 section index 85)
    Defines:
        _StringLiteral_runhex = 003254
    Referenced from:
        command_table (build/shell.o unit 0 section index 34)

`_StringLiteral_<VOL> ` in section 'cdata'
 placed at address 00325b-003261 of size 000007
(build/filesys.o unit 4 section index 60)
    Defines:
        `_StringLiteral_<VOL> ` = 00325b
    Referenced from:
        list_root_directory (build/filesys.o unit 4 section index 34)

`_StringLiteral_Error: ` in section 'cdata'
 placed at address 003262-003269 of size 000008
(build/shell.o unit 0 section index 44)
    Defines:
        `_StringLiteral_Error: ` = 003262
    Referenced from:
        (build/shell.o unit 0 section index 27)
        (build/shell.o unit 0 section index 28)

_StringLiteral_gfxTest in section 'cdata'
 placed at address 00326a-003271 of size 000008
(build/shell.o unit 0 section index 79)
    Defines:
        _StringLiteral_gfxTest = 00326a
    Referenced from:
        command_table (build/shell.o unit 0 section index 34)

_StringLiteral_memdump in section 'cdata'
 placed at address 003272-003279 of size 000008
(build/shell.o unit 0 section index 82)
    Defines:
        _StringLiteral_memdump = 003272
    Referenced from:
        command_table (build/shell.o unit 0 section index 34)

_StringLiteral_datetime in section 'cdata'
 placed at address 00327a-003282 of size 000009
(build/shell.o unit 0 section index 75)
    Defines:
        _StringLiteral_datetime = 00327a
    Referenced from:
        command_table (build/shell.o unit 0 section index 34)

`_StringLiteral_Loading: ` in section 'cdata'
 placed at address 003283-00328c of size 00000a
(build/shell.o unit 0 section index 59)
    Defines:
        `_StringLiteral_Loading: ` = 003283
    Referenced from:
        (build/shell.o unit 0 section index 23)
        (build/shell.o unit 0 section index 30)

`_StringLiteral_Deleting: ` in section 'cdata'
 placed at address 00328d-003297 of size 00000b
(build/shell.o unit 0 section index 42)
    Defines:
        `_StringLiteral_Deleting: ` = 00328d
    Referenced from:
        (build/shell.o unit 0 section index 26)

`_StringLiteral_Read Error.` in section 'cdata'
 placed at address 003298-0032a3 of size 00000c
(build/filesys.o unit 4 section index 72)
    Defines:
        `_StringLiteral_Read Error.` = 003298
    Referenced from:
        print_file_contents (build/filesys.o unit 4 section index 35)

`_StringLiteral_File copied.` in section 'cdata'
 placed at address 0032a4-0032b0 of size 00000d
(build/shell.o unit 0 section index 52)
    Defines:
        `_StringLiteral_File copied.` = 0032a4
    Referenced from:
        (build/shell.o unit 0 section index 27)

`_StringLiteral_RTC Updated.` in section 'cdata'
 placed at address 0032b1-0032bd of size 00000d
(build/shell.o unit 0 section index 61)
    Defines:
        `_StringLiteral_RTC Updated.` = 0032b1
    Referenced from:
        (build/shell.o unit 0 section index 29)

`_StringLiteral_Shell loaded` in section 'cdata'
 placed at address 0032be-0032ca of size 00000d
(build/shell.o unit 0 section index 62)
    Defines:
        `_StringLiteral_Shell loaded` = 0032be
    Referenced from:
        main (build/shell.o unit 0 section index 33)

`_StringLiteral_set-datetime` in section 'cdata'
 placed at address 0032cb-0032d7 of size 00000d
(build/shell.o unit 0 section index 86)
    Defines:
        `_StringLiteral_set-datetime` = 0032cb
    Referenced from:
        command_table (build/shell.o unit 0 section index 34)

`_StringLiteral_FS not init.` in section 'cdata'
 placed at address 0032d8-0032e4 of size 00000d
(build/filesys.o unit 4 section index 68)
    Defines:
        `_StringLiteral_FS not init.` = 0032d8
    Referenced from:
        (build/shell.o unit 0 section index 22)
        (build/shell.o unit 0 section index 23)
        (build/shell.o unit 0 section index 26)
        (build/shell.o unit 0 section index 30)
        list_root_directory (build/filesys.o unit 4 section index 34)
        print_file_contents (build/filesys.o unit 4 section index 35)

`_StringLiteral_File renamed.` in section 'cdata'
 placed at address 0032e5-0032f2 of size 00000e
(build/shell.o unit 0 section index 54)
    Defines:
        `_StringLiteral_File renamed.` = 0032e5
    Referenced from:
        (build/shell.o unit 0 section index 28)

`_StringLiteral_Jumping to 0x` in section 'cdata'
 placed at address 0032f3-003300 of size 00000e
(build/shell.o unit 0 section index 57)
    Defines:
        `_StringLiteral_Jumping to 0x` = 0032f3
    Referenced from:
        (build/shell.o unit 0 section index 22)

`_StringLiteral_Dir Read Error` in section 'cdata'
 placed at address 003301-00330f of size 00000f
(build/filesys.o unit 4 section index 61)
    Defines:
        `_StringLiteral_Dir Read Error` = 003301
    Referenced from:
        list_root_directory (build/filesys.o unit 4 section index 34)

`_StringLiteral_<DIR>          ` in section 'cdata'
 placed at address 003310-00331f of size 000010
(build/filesys.o unit 4 section index 59)
    Defines:
        `_StringLiteral_<DIR>          ` = 003310
    Referenced from:
        list_root_directory (build/filesys.o unit 4 section index 34)

`_StringLiteral_Back to Shell...` in section 'cdata'
 placed at address 003320-003330 of size 000011
(build/shell.o unit 0 section index 40)
    Defines:
        `_StringLiteral_Back to Shell...` = 003320
    Referenced from:
        (build/shell.o unit 0 section index 22)
        (build/shell.o unit 0 section index 30)

`_StringLiteral_Exiting shell...` in section 'cdata'
 placed at address 003331-003341 of size 000011
(build/shell.o unit 0 section index 49)
    Defines:
        `_StringLiteral_Exiting shell...` = 003331
    Referenced from:
        (build/shell.o unit 0 section index 19)

`_StringLiteral_Unknown command.` in section 'cdata'
 placed at address 003342-003352 of size 000011
(build/shell.o unit 0 section index 63)
    Defines:
        `_StringLiteral_Unknown command.` = 003342
    Referenced from:
        execute_command (build/shell.o unit 0 section index 31)

hex_digits in section 'cdata'  placed at address 003353-003363 of size 000011
(build/util.o unit 2 section index 18)
    Defines:
        hex_digits = 003353
    Referenced from:
        print_hex32 (build/util.o unit 2 section index 9)

`_StringLiteral_FAT16 Init Failed!` in section 'cdata'
 placed at address 003364-003376 of size 000013
(build/shell.o unit 0 section index 50)
    Defines:
        `_StringLiteral_FAT16 Init Failed!` = 003364
    Referenced from:
        (build/shell.o unit 0 section index 18)
        main (build/shell.o unit 0 section index 33)

`_StringLiteral_Jump address of 0x` in section 'cdata'
 placed at address 003377-003389 of size 000013
(build/shell.o unit 0 section index 55)
    Defines:
        `_StringLiteral_Jump address of 0x` = 003377
    Referenced from:
        (build/shell.o unit 0 section index 23)

`_StringLiteral_------------------` in section 'cdata'
 placed at address 00338a-00339c of size 000013
(build/filesys.o unit 4 section index 58)
    Defines:
        `_StringLiteral_------------------` = 00338a
    Referenced from:
        print_file_contents (build/filesys.o unit 4 section index 35)

`_StringLiteral_Current Date/Time: ` in section 'cdata'
 placed at address 00339d-0033b0 of size 000014
(build/shell.o unit 0 section index 41)
    Defines:
        `_StringLiteral_Current Date/Time: ` = 00339d
    Referenced from:
        (build/shell.o unit 0 section index 14)

`_StringLiteral_Error loading file: ` in section 'cdata'
 placed at address 0033b1-0033c5 of size 000015
(build/shell.o unit 0 section index 43)
    Defines:
        `_StringLiteral_Error loading file: ` = 0033b1
    Referenced from:
        (build/shell.o unit 0 section index 30)

`_StringLiteral_Jumping to 03:0000...` in section 'cdata'
 placed at address 0033c6-0033db of size 000016
(build/shell.o unit 0 section index 56)
    Defines:
        `_StringLiteral_Jumping to 03:0000...` = 0033c6
    Referenced from:
        (build/shell.o unit 0 section index 30)

`_StringLiteral_Usage: del <filename>` in section 'cdata'
 placed at address 0033dc-0033f1 of size 000016
(build/shell.o unit 0 section index 66)
    Defines:
        `_StringLiteral_Usage: del <filename>` = 0033dc
    Referenced from:
        (build/shell.o unit 0 section index 26)

`_StringLiteral_Usage: run <filename>` in section 'cdata'
 placed at address 0033f2-003407 of size 000016
(build/shell.o unit 0 section index 69)
    Defines:
        `_StringLiteral_Usage: run <filename>` = 0033f2
    Referenced from:
        (build/shell.o unit 0 section index 22)
        (build/shell.o unit 0 section index 23)
        (build/shell.o unit 0 section index 30)

`_StringLiteral_Usage: ren <old> <new>` in section 'cdata'
 placed at address 003408-00341e of size 000017
(build/shell.o unit 0 section index 68)
    Defines:
        `_StringLiteral_Usage: ren <old> <new>` = 003408
    Referenced from:
        (build/shell.o unit 0 section index 28)

`_StringLiteral_Usage: type <filename>` in section 'cdata'
 placed at address 00341f-003435 of size 000017
(build/shell.o unit 0 section index 71)
    Defines:
        `_StringLiteral_Usage: type <filename>` = 00341f
    Referenced from:
        (build/shell.o unit 0 section index 20)

`_StringLiteral_Error: File not found.` in section 'cdata'
 placed at address 003436-00344c of size 000017
(build/filesys.o unit 4 section index 63)
    Defines:
        `_StringLiteral_Error: File not found.` = 003436
    Referenced from:
        (build/shell.o unit 0 section index 26)
        print_file_contents (build/filesys.o unit 4 section index 35)

`_StringLiteral_Loading and executing: ` in section 'cdata'
 placed at address 00344d-003464 of size 000018
(build/shell.o unit 0 section index 58)
    Defines:
        `_StringLiteral_Loading and executing: ` = 00344d
    Referenced from:
        (build/shell.o unit 0 section index 22)

`_StringLiteral_Usage: copy <src> <dst>` in section 'cdata'
 placed at address 003465-00347c of size 000018
(build/shell.o unit 0 section index 65)
    Defines:
        `_StringLiteral_Usage: copy <src> <dst>` = 003465
    Referenced from:
        (build/shell.o unit 0 section index 27)

`_StringLiteral_Error: Missing byte count.` in section 'cdata'
 placed at address 00347d-003497 of size 00001b
(build/shell.o unit 0 section index 47)
    Defines:
        `_StringLiteral_Error: Missing byte count.` = 00347d
    Referenced from:
        (build/shell.o unit 0 section index 21)

`_StringLiteral_File deleted successfully.` in section 'cdata'
 placed at address 003498-0034b2 of size 00001b
(build/shell.o unit 0 section index 53)
    Defines:
        `_StringLiteral_File deleted successfully.` = 003498
    Referenced from:
        (build/shell.o unit 0 section index 26)

`_StringLiteral_R265Nibbler Shell version ` in section 'cdata'
 placed at address 0034b3-0034cd of size 00001b
(build/shell.o unit 0 section index 60)
    Defines:
        `_StringLiteral_R265Nibbler Shell version ` = 0034b3
    Referenced from:
        (build/shell.o unit 0 section index 17)

`_StringLiteral_Error: Could not update FAT.` in section 'cdata'
 placed at address 0034ce-0034ea of size 00001d
(build/shell.o unit 0 section index 45)
    Defines:
        `_StringLiteral_Error: Could not update FAT.` = 0034ce
    Referenced from:
        (build/shell.o unit 0 section index 26)

`_StringLiteral_Example: memdump 0x005000 0x80` in section 'cdata'
 placed at address 0034eb-003509 of size 00001f
(build/shell.o unit 0 section index 48)
    Defines:
        `_StringLiteral_Example: memdump 0x005000 0x80` = 0034eb
    Referenced from:
        (build/shell.o unit 0 section index 21)

`_StringLiteral_Unknown error during deletion.` in section 'cdata'
 placed at address 00350a-003528 of size 00001f
(build/shell.o unit 0 section index 64)
    Defines:
        `_StringLiteral_Unknown error during deletion.` = 00350a
    Referenced from:
        (build/shell.o unit 0 section index 26)

`_StringLiteral_Existing file found - deleting...` in section 'cdata'
 placed at address 003529-00354a of size 000022
(build/filesys.o unit 4 section index 64)
    Defines:
        `_StringLiteral_Existing file found - deleting...` = 003529
    Referenced from:
        delete_file (build/filesys.o unit 4 section index 36)

`_StringLiteral_Usage: memdump [addr_hex] [bytes_hex]` in section 'cdata'
 placed at address 00354b-003570 of size 000026
(build/shell.o unit 0 section index 67)
    Defines:
        `_StringLiteral_Usage: memdump [addr_hex] [bytes_hex]` = 00354b
    Referenced from:
        (build/shell.o unit 0 section index 21)

`_StringLiteral_Usage: set-datetime YY MM DD HH MM SS` in section 'cdata'
 placed at address 003571-003596 of size 000026
(build/shell.o unit 0 section index 70)
    Defines:
        `_StringLiteral_Usage: set-datetime YY MM DD HH MM SS` = 003571
    Referenced from:
        (build/shell.o unit 0 section index 29)

`_StringLiteral_Welcome to the R265Nibbler Shell version ` in section 'cdata'
 placed at address 003597-0035c0 of size 00002a
(build/shell.o unit 0 section index 72)
    Defines:
        `_StringLiteral_Welcome to the R265Nibbler Shell version ` = 003597
    Referenced from:
        main (build/shell.o unit 0 section index 33)

command_table in section 'cdata'
 placed at address 0035c1-00362c of size 00006c
(build/shell.o unit 0 section index 34)
    Defines:
        command_table = 0035c1
    References:
        `_StringLiteral_?` in (build/shell.o unit 0 section index 38)
        _StringLiteral_cls in (build/shell.o unit 0 section index 73)
        _StringLiteral_copy in (build/shell.o unit 0 section index 74)
        _StringLiteral_datetime in (build/shell.o unit 0 section index 75)
        _StringLiteral_del in (build/shell.o unit 0 section index 76)
        _StringLiteral_dir in (build/shell.o unit 0 section index 77)
        _StringLiteral_exit in (build/shell.o unit 0 section index 78)
        _StringLiteral_gfxTest in (build/shell.o unit 0 section index 79)
        ... 9 more
    Referenced from:
        execute_command (build/shell.o unit 0 section index 31)

`_StringLiteral_[65,118,97,105,108,97,98,108,101,58,32,104,101,108,112,32,40,63,41,44,32,99,108,115,44,32,118,101,114,44,32,100,105,114,44,32,100,101,108,44,32,99,111,112,121,44,32,114,101,110,44,13,32,101,120,105,116,44,32,116,121,112,101,44,32,114,117,110,104,101,120,44,32,109,101,109,100,117,109,112,44,32,108,111,97,100,44,32,100,97,116,101,116,105,109,101,44,13,32,103,102,120,84,101,115,116,44,32,115,101,116,45,100,97,116,101,116,105,109,101,44,32,114,117,110,98,105,110]` in section 'cdata'
 placed at address 00362d-0036ad of size 000081
(build/shell.o unit 0 section index 39)
    Defines:
        `_StringLiteral_[65,118,97,105,108,97,98,108,101,58,32,104,101,108,112,32,40,63,41,44,32,99,108,115,44,32,118,101,114,44,32,100,105,114,44,32,100,101,108,44,32,99,111,112,121,44,32,114,101,110,44,13,32,101,120,105,116,44,32,116,121,112,101,44,32,114,117,110,104,101,120,44,32,109,101,109,100,117,109,112,44,32,108,111,97,100,44,32,100,97,116,101,116,105,109,101,44,13,32,103,102,120,84,101,115,116,44,32,115,101,116,45,100,97,116,101,116,105,109,101,44,32,114,117,110,98,105,110]` = 00362d
    Referenced from:
        (build/shell.o unit 0 section index 15)

rehsd_raw_565 in section 'cdata'
 placed at address 0036ae-003ead of size 000800
(build/graphics.o unit 1 section index 2)
    Defines:
        rehsd_raw_565 = 0036ae
    Referenced from:
        draw_logo_32_scaled_4x (build/graphics.o unit 1 section index 4)

__program_start in section 'code'
 placed at address 003eae-003ec6 of size 000019
(cstartup.o (from clib-lc-sd.a) unit 6 section index 2)
    Defines:
        __program_start = 003eae
    References:
        _DirectPageStart
        .sectionEnd(stack)
        _Vfp in (pseudoRegisters.o (from clib-lc-sd.a) unit 10 section index 2)
        __low_level_init in (cstartup.o (from clib-lc-sd.a) unit 6 section index 8)
    Referenced from:
        __program_root_section (cstartup.o (from clib-lc-sd.a) unit 6 section index 7)

__data_initialization_needed in section 'code'
 placed at address 003ec7-003ede of size 000018
(cstartup.o (from clib-lc-sd.a) unit 6 section index 3)
    Defines:
        __data_initialization_needed = 003ec7
    References:
        _Dp in (pseudoRegisters.o (from clib-lc-sd.a) unit 10 section index 2)
        .sectionEnd(data_init_table)
        .sectionStart(data_init_table)
        __initialize_sections in (initialize.o (from clib-lc-sd.a) unit 21 section index 2)

Section 'code'  placed at address 003edf-003ee9 of size 00000b
(cstartup.o (from clib-lc-sd.a) unit 6 section index 6)
    References:
        exit in (exit.o (from clib-lc-sd.a) unit 7 section index 2)
        main in (build/shell.o unit 0 section index 33)

g_saveptr in section 'zdata'  placed at address 002100-002101 of size 000002
(lib_strtok.o (from clib-lc-sd.a) unit 17 section index 2)

__atexit_index in section 'zdata'
 placed at address 002102-002103 of size 000002
(atexit.o (from clib-lc-sd.a) unit 11 section index 3)
    Defines:
        __atexit_index = 002102
    Referenced from:
        exit (exit.o (from clib-lc-sd.a) unit 7 section index 2)

__atexit in section 'zdata'  placed at address 002104-002183 of size 000080
(atexit.o (from clib-lc-sd.a) unit 11 section index 2)
    Defines:
        __atexit = 002104
    Referenced from:
        exit (exit.o (from clib-lc-sd.a) unit 7 section index 2)

_ExitCloseStreams in section 'zdata'
 placed at address 002184-002187 of size 000004
(streamlist.o (from clib-lc-sd.a) unit 15 section index 2)
    Defines:
        _ExitCloseStreams = 002184
    Referenced from:
        exit (exit.o (from clib-lc-sd.a) unit 7 section index 2)

g_sectors_per_cluster in section 'zdata'
 placed at address 002188-002188 of size 000001
(build/filesys.o unit 4 section index 25)
    Defines:
        g_sectors_per_cluster = 002188
    Referenced from:
        fat_init (build/filesys.o unit 4 section index 33)
        print_file_contents (build/filesys.o unit 4 section index 35)
        load_hex_from_sd (build/filesys.o unit 4 section index 43)
        copy_file (build/filesys.o unit 4 section index 48)
        load_bin_from_sd (build/filesys.o unit 4 section index 49)

g_data_lba_start in section 'zdata'
 placed at address 002189-00218c of size 000004
(build/filesys.o unit 4 section index 24)
    Defines:
        g_data_lba_start = 002189
    Referenced from:
        fat_init (build/filesys.o unit 4 section index 33)
        print_file_contents (build/filesys.o unit 4 section index 35)
        load_hex_from_sd (build/filesys.o unit 4 section index 43)
        copy_file (build/filesys.o unit 4 section index 48)
        load_bin_from_sd (build/filesys.o unit 4 section index 49)

g_root_sz_sects in section 'zdata'
 placed at address 00218d-00218e of size 000002
(build/filesys.o unit 4 section index 23)
    Defines:
        g_root_sz_sects = 00218d
    Referenced from:
        fat_init (build/filesys.o unit 4 section index 33)
        list_root_directory (build/filesys.o unit 4 section index 34)
        print_file_contents (build/filesys.o unit 4 section index 35)
        delete_file (build/filesys.o unit 4 section index 36)
        load_hex_from_sd (build/filesys.o unit 4 section index 43)
        create_directory_entry (build/filesys.o unit 4 section index 46)
        rename_file (build/filesys.o unit 4 section index 47)
        copy_file (build/filesys.o unit 4 section index 48)
        load_bin_from_sd (build/filesys.o unit 4 section index 49)

g_root_lba_start in section 'zdata'
 placed at address 00218f-002192 of size 000004
(build/filesys.o unit 4 section index 22)
    Defines:
        g_root_lba_start = 00218f
    Referenced from:
        fat_init (build/filesys.o unit 4 section index 33)
        list_root_directory (build/filesys.o unit 4 section index 34)
        print_file_contents (build/filesys.o unit 4 section index 35)
        delete_file (build/filesys.o unit 4 section index 36)
        load_hex_from_sd (build/filesys.o unit 4 section index 43)
        create_directory_entry (build/filesys.o unit 4 section index 46)
        rename_file (build/filesys.o unit 4 section index 47)
        copy_file (build/filesys.o unit 4 section index 48)
        load_bin_from_sd (build/filesys.o unit 4 section index 49)

g_fat_size_sectors in section 'zdata'
 placed at address 002193-002194 of size 000002
(build/filesys.o unit 4 section index 19)
    Defines:
        g_fat_size_sectors = 002193
    Referenced from:
        fat_init (build/filesys.o unit 4 section index 33)
        delete_file (build/filesys.o unit 4 section index 36)
        allocate_cluster (build/filesys.o unit 4 section index 40)
        copy_file (build/filesys.o unit 4 section index 48)

g_rsvd_sec_cnt in section 'zdata'
 placed at address 002195-002196 of size 000002
(build/filesys.o unit 4 section index 18)
    Defines:
        g_rsvd_sec_cnt = 002195
    Referenced from:
        fat_init (build/filesys.o unit 4 section index 33)
        delete_file (build/filesys.o unit 4 section index 36)
        allocate_cluster (build/filesys.o unit 4 section index 40)
        copy_file (build/filesys.o unit 4 section index 48)

g_partition_lba_start in section 'zdata'
 placed at address 002197-00219a of size 000004
(build/filesys.o unit 4 section index 17)
    Defines:
        g_partition_lba_start = 002197
    Referenced from:
        fat_init (build/filesys.o unit 4 section index 33)
        delete_file (build/filesys.o unit 4 section index 36)
        allocate_cluster (build/filesys.o unit 4 section index 40)
        copy_file (build/filesys.o unit 4 section index 48)

g_fat_initialized in section 'zdata'
 placed at address 00219b-00219b of size 000001
(build/filesys.o unit 4 section index 15)
    Defines:
        g_fat_initialized = 00219b
    Referenced from:
        (build/shell.o unit 0 section index 22)
        (build/shell.o unit 0 section index 23)
        (build/shell.o unit 0 section index 26)
        (build/shell.o unit 0 section index 30)
        fat_init (build/filesys.o unit 4 section index 33)
        list_root_directory (build/filesys.o unit 4 section index 34)
        print_file_contents (build/filesys.o unit 4 section index 35)
        delete_file (build/filesys.o unit 4 section index 36)
        rename_file (build/filesys.o unit 4 section index 47)
        copy_file (build/filesys.o unit 4 section index 48)

record_addr in section 'zdata'  placed at address 00219c-00219d of size 000002
(build/filesys.o unit 4 section index 14)

record_type in section 'zdata'  placed at address 00219e-00219e of size 000001
(build/filesys.o unit 4 section index 13)

record_len in section 'zdata'  placed at address 00219f-00219f of size 000001
(build/filesys.o unit 4 section index 12)

entry_point in section 'zdata'  placed at address 0021a0-0021a3 of size 000004
(build/filesys.o unit 4 section index 11)

target_bank_offset in section 'zdata'
 placed at address 0021a4-0021a7 of size 000004
(build/filesys.o unit 4 section index 10)

file_lba in section 'zdata'  placed at address 0021a8-0021ab of size 000004
(build/filesys.o unit 4 section index 9)

k in section 'zdata'  placed at address 0021ac-0021ad of size 000002
(build/filesys.o unit 4 section index 8)

i in section 'zdata'  placed at address 0021ae-0021af of size 000002
(build/filesys.o unit 4 section index 7)

s in section 'zdata'  placed at address 0021b0-0021b1 of size 000002
(build/filesys.o unit 4 section index 6)

found in section 'zdata'  placed at address 0021b2-0021b2 of size 000001
(build/filesys.o unit 4 section index 5)

file_size in section 'zdata'  placed at address 0021b3-0021b6 of size 000004
(build/filesys.o unit 4 section index 4)

start_cluster in section 'zdata'
 placed at address 0021b7-0021b8 of size 000002
(build/filesys.o unit 4 section index 3)

target_fat_name in section 'zdata'
 placed at address 0021b9-0021c8 of size 000010
(build/filesys.o unit 4 section index 2)
    Defines:
        target_fat_name = 0021b9
    Referenced from:
        load_hex_from_sd (build/filesys.o unit 4 section index 43)

idx in section 'zdata'  placed at address 0021c9-0021ca of size 000002
(build/shell.o unit 0 section index 3)

cmd_line in section 'zdata'  placed at address 0021cb-00220a of size 000040
(build/shell.o unit 0 section index 2)

Section 'stack'  placed at address 00220b-00320a of size 001000
(linker generated)

_Dp in section 'registers'  placed at address 002000-002013 of size 000014
(pseudoRegisters.o (from clib-lc-sd.a) unit 10 section index 2)
    Defines:
        _Vfp = 002010
        _Dp = 002000
    Referenced from:
        (build/shell.o unit 0 section index 14)
        (build/shell.o unit 0 section index 21)
        (build/shell.o unit 0 section index 22)
        (build/shell.o unit 0 section index 23)
        (build/shell.o unit 0 section index 27)
        (build/shell.o unit 0 section index 28)
        (build/shell.o unit 0 section index 29)
        (build/shell.o unit 0 section index 30)
        ... 41 more

__program_root_section in section 'reset'
 placed at address 00fffc-00fffd of size 000002
(cstartup.o (from clib-lc-sd.a) unit 6 section index 7)
    Defines:
        __program_root_section = 00fffc
    References:
        __program_start in (cstartup.o (from clib-lc-sd.a) unit 6 section index 2)

##########################
#                        #
# Memory sizes (decimal) #
#                        #
##########################

Executable       (Text): 18167 bytes
Data                   :   267 bytes
Non-initialized        :  4116 bytes
