###############################################################################
#                                                                             #
# Calypsi linker for 65816                                       version 5.15 #
#                                                       27/Mar/2026  15:33:56 #
# Command line: --output-format=intel-hex --stack-size=0x1800                 #
#               D:\source\VSCode\65265 assembly\src\shell/build/shell.o       #
#               D:\source\VSCode\65265 assembly\src\shell/rules.scm -o        #
#               D:\source\VSCode\65265 assembly\src\shell/build/shell.bin     #
#               --list-file=D:\source\VSCode\65265 assembly\src\shell/build/shell_linked.lst #
#                                                                             #
###############################################################################

####################
#                  #
# Memories summary #
#                  #
####################

Name                          Range         Size    Used    Checksum  Largest unallocated
-----------------------------------------------------------------------------------------
APP_ZP-tiny                   004000-0040ff 000100    7.8%  none      0000ec
APP_RAM_DATA                  004100-006fff 002f00   61.3%  none      001232
  > APP_RAM_DATA-cbits        004100-0044ca 0003cb  100.0%  none      none
  > APP_RAM_DATA-code         0044cb-004506 00003c  100.0%  none      none
  > APP_RAM_DATA-nobits       004507-005dcd 0018c7  100.0%  none      001232
APP_ZP                        004100        000000    0.0%  none      000000
CS4B_FLASH                    008000-00ffe3 007fe4    0.0%  none      008000
CS4B_FLASH-vector             00ffe4-00ffff 00001c    7.1%  none      007ffc
APP_RAM_CODE-01               010000-01ffff 010000   11.4%  none      00e2c2
  > APP_RAM_CODE-01-far-cbits 010000-010010 000011  100.0%  none      none
  > APP_RAM_CODE-01-farcode   010011-011d3d 001d2d  100.0%  none      00e2c2
APP_RAM_CODE-02               020000-02ffff 010000    0.0%  none      00fff6
  > APP_RAM_CODE-02-far-cbits 020000-020009 00000a  100.0%  none      00fff6


####################
#                  #
# Sections summary #
#                  #
####################

Name            Range          Size    Memory                    Fragments
--------------------------------------------------------------------------
registers       004000-004013  000014  APP_ZP-tiny               1
cdata           004100-0044ca  0003cb  APP_RAM_DATA-cbits        48
code            0044cb-004506  00003c  APP_RAM_DATA-code         3
zdata           004507-0045cd  0000c7  APP_RAM_DATA-nobits       24
stack           0045ce-005dcd  001800  APP_RAM_DATA-nobits       1
reset           00fffc-00fffd  000002  CS4B_FLASH-vector         1
cfar            010000-010010  000011  APP_RAM_CODE-01-far-cbits 1
farcode         010011-011d3d  001d2d  APP_RAM_CODE-01-farcode   38
data_init_table 020000-020009  00000a  APP_RAM_CODE-02-far-cbits 1


###################
#                 #
# Placement rules #
#                 #
###################

Name                        Address range  Key
----------------------------------------------------------------------
APP_RAM_CODE-01             010000-01ffff  Far
  APP_RAM_CODE-01-farcode   010000-01ffff  FarFunction and TEXT
    > farcode
  APP_RAM_CODE-01-far-cbits 010000-01ffff  Far and RODATA
    > data_init_table and cfar
APP_RAM_CODE-02             020000-02ffff  Far
  APP_RAM_CODE-02-farcode   020000-02ffff  FarFunction and TEXT
    > farcode
  APP_RAM_CODE-02-far-cbits 020000-02ffff  Far and RODATA
    > data_init_table and cfar
APP_RAM_DATA                004100-006fff  Plain
  APP_RAM_DATA-nobits       004100-006fff  Plain and BSS
    > zdata
    > stack
  APP_RAM_DATA-bits         004100-006fff  Plain and DATA
  APP_RAM_DATA-cbits        004100-006fff  Plain and RODATA
    > data_init_table and cdata
  APP_RAM_DATA-code         004100-006fff  PlainFunction and TEXT
    > code
APP_ZP                      004100-0040ff  Plain
  APP_ZP-nobits             004100-0040ff  Plain and BSS
    > zdata
    > stack
  APP_ZP-bits               004100-0040ff  Plain and DATA
  APP_ZP-cbits              004100-0040ff  Plain and RODATA
    > data_init_table and cdata
  APP_ZP-code               004100-0040ff  PlainFunction and TEXT
    > code
APP_ZP-tiny                 004000-0040ff  Tiny and BSS
  > registers
CS4B_FLASH-vector           00ffe4-00ffff  Plain
  > (reset 00fffc)
CS4B_FLASH                  008000-00ffe3  Plain
  CS4B_FLASH-nobits         008000-00ffe3  Plain and BSS
    > zdata
    > stack
  CS4B_FLASH-bits           008000-00ffe3  Plain and DATA
  CS4B_FLASH-cbits          008000-00ffe3  Plain and RODATA
    > data_init_table and cdata
  CS4B_FLASH-code           008000-00ffe3  PlainFunction and TEXT
    > code

Name  Size   Align
-------------------
stack 001800 no

Name             Memory      Offset
------------------------------------
_DirectPageStart APP_ZP-tiny 000000

################
#              #
# Object files #
#              #
################

Unit Filename                                                Archive
-------------------------------------------------------------------------
  0  D:\source\VSCode\65265 assembly\src\shell/build/shell.o -
          >  cdata   0003cb
          >  cfar    000011
          >  farcode 001b61
          >  zdata   000041
  2  cstartup.o                                              clib-lc-sd.a
          # picked based on cstartup=normal (built-in default)
          >  code    00003c
          >  farcode 000001
          >  reset   000002
  3  exit.o                                                  clib-lc-sd.a
          # picked based on exit=stdexit (built-in default)
          >  farcode 000053
  5  controlFlow.o                                           clib-lc-sd.a
          >  farcode 00000e
  6  pseudoRegisters.o                                       clib-lc-sd.a
          >  registers 000014
  7  atexit.o                                                clib-lc-sd.a
          >  zdata 000082
  8  exitC99.o                                               clib-lc-sd.a
          >  farcode 000005
  9  defaultExit.o                                           clib-lc-sd.a
          >  farcode 000001
 11  streamlist.o                                            clib-lc-sd.a
          >  zdata 000004
 12  integer.o                                               clib-lc-sd.a
          >  farcode 00004e
 13  initialize.o                                            clib-lc-sd.a
          # picked based on initialize=normal (built-in default)
          >  farcode 000087
 15  memset_far.o                                            clib-lc-sd.a
          >  farcode 000048
 16  memcpy_far.o                                            clib-lc-sd.a
          >  farcode 000047

###################
#                 #
# Cross reference #
#                 #
###################

hex_digits_far in section 'cfar'
 placed at address 010000-010010 of size 000011
(D:\source\VSCode\65265 assembly\src\shell/build/shell.o unit 0 section index 115)

_Stub_exit in section 'farcode'  placed at address 010011-010011 of size 000001
(defaultExit.o (from clib-lc-sd.a) unit 9 section index 2)
    Defines:
        _Stub_exit = 010011
    Referenced from:
        _Exit (exitC99.o (from clib-lc-sd.a) unit 8 section index 2)

__low_level_init in section 'farcode'
 placed at address 010012-010012 of size 000001
(cstartup.o (from clib-lc-sd.a) unit 2 section index 8)
    Defines:
        __low_level_init = 010012
    Referenced from:
        __program_start (cstartup.o (from clib-lc-sd.a) unit 2 section index 2)

os_newline in section 'farcode'  placed at address 010013-010015 of size 000003
(D:\source\VSCode\65265 assembly\src\shell/build/shell.o unit 0 section index 78)

os_c_return in section 'farcode'
 placed at address 010016-010018 of size 000003
(D:\source\VSCode\65265 assembly\src\shell/build/shell.o unit 0 section index 79)

_Exit in section 'farcode'  placed at address 010019-01001d of size 000005
(exitC99.o (from clib-lc-sd.a) unit 8 section index 2)
    Defines:
        _Exit = 010019
    References:
        _Stub_exit in (defaultExit.o (from clib-lc-sd.a) unit 9 section index 2)
    Referenced from:
        exit (exit.o (from clib-lc-sd.a) unit 3 section index 2)

os_print_char in section 'farcode'
 placed at address 01001e-010027 of size 00000a
(D:\source\VSCode\65265 assembly\src\shell/build/shell.o unit 0 section index 77)

sdcard_init in section 'farcode'
 placed at address 010028-010031 of size 00000a
(D:\source\VSCode\65265 assembly\src\shell/build/shell.o unit 0 section index 82)

_JmpIndLong in section 'farcode'
 placed at address 010032-01003f of size 00000e
(controlFlow.o (from clib-lc-sd.a) unit 5 section index 3)
    Defines:
        _JmpIndLong = 010032
    References:
        _Dp in (pseudoRegisters.o (from clib-lc-sd.a) unit 6 section index 2)
    Referenced from:
        exit (exit.o (from clib-lc-sd.a) unit 3 section index 2)

sdcard_read_sector in section 'farcode'
 placed at address 010040-010052 of size 000013
(D:\source\VSCode\65265 assembly\src\shell/build/shell.o unit 0 section index 83)

sdcard_write_sector in section 'farcode'
 placed at address 010053-010065 of size 000013
(D:\source\VSCode\65265 assembly\src\shell/build/shell.o unit 0 section index 84)

rd16 in section 'farcode'  placed at address 010066-010083 of size 00001e
(D:\source\VSCode\65265 assembly\src\shell/build/shell.o unit 0 section index 99)
    Defines:
        rd16 = 010066
    References:
        _Dp in (pseudoRegisters.o (from clib-lc-sd.a) unit 6 section index 2)
    Referenced from:
        fat_init (D:\source\VSCode\65265 assembly\src\shell/build/shell.o unit 0 section index 101)

_DivModSign16 in section 'farcode'
 placed at address 010084-01008b of size 000008
(integer.o (from clib-lc-sd.a) unit 12 section index 9)
    Defines:
        _DivModSign16 = 010084

_DivModSign32 in section 'farcode'
 placed at address 01008c-0100a1 of size 000016
(integer.o (from clib-lc-sd.a) unit 12 section index 14)
    Defines:
        _DivModSign32 = 01008c
    References:
        _Dp in (pseudoRegisters.o (from clib-lc-sd.a) unit 6 section index 2)

os_puts in section 'farcode'  placed at address 0100a2-0100c8 of size 000027
(D:\source\VSCode\65265 assembly\src\shell/build/shell.o unit 0 section index 80)

bcd_to_bin in section 'farcode'  placed at address 0100c9-0100f2 of size 00002a
(D:\source\VSCode\65265 assembly\src\shell/build/shell.o unit 0 section index 105)
    References:
        _Dp in (pseudoRegisters.o (from clib-lc-sd.a) unit 6 section index 2)
        _Mul16 in (integer.o (from clib-lc-sd.a) unit 12 section index 2)

main in section 'farcode'  placed at address 0100f3-010120 of size 00002e
(D:\source\VSCode\65265 assembly\src\shell/build/shell.o unit 0 section index 114)
    Defines:
        main = 0100f3
    References:
        `_StringLiteral_Attempting to read SD card... ` in (D:\source\VSCode\65265 assembly\src\shell/build/shell.o unit 0 section index 15)
        `_StringLiteral_Back to Shell main()` in (D:\source\VSCode\65265 assembly\src\shell/build/shell.o unit 0 section index 16)
        `_StringLiteral_Finished SD card test!` in (D:\source\VSCode\65265 assembly\src\shell/build/shell.o unit 0 section index 27)
        fat16_test in (D:\source\VSCode\65265 assembly\src\shell/build/shell.o unit 0 section index 109)
    Referenced from:
        (cstartup.o (from clib-lc-sd.a) unit 2 section index 6)

_Mul16 in section 'farcode'  placed at address 010121-010150 of size 000030
(integer.o (from clib-lc-sd.a) unit 12 section index 2)
    Defines:
        _Mul16 = 010121
    References:
        _Dp in (pseudoRegisters.o (from clib-lc-sd.a) unit 6 section index 2)
    Referenced from:
        print_file_contents (D:\source\VSCode\65265 assembly\src\shell/build/shell.o unit 0 section index 103)
        (D:\source\VSCode\65265 assembly\src\shell/build/shell.o unit 0 section index 105)
        create_file (D:\source\VSCode\65265 assembly\src\shell/build/shell.o unit 0 section index 108)
        (D:\source\VSCode\65265 assembly\src\shell/build/shell.o unit 0 section index 112)

get_hex_pair in section 'farcode'
 placed at address 010151-010191 of size 000041
(D:\source\VSCode\65265 assembly\src\shell/build/shell.o unit 0 section index 111)

print_hex in section 'farcode'  placed at address 010192-0101d3 of size 000042
(D:\source\VSCode\65265 assembly\src\shell/build/shell.o unit 0 section index 95)
    Defines:
        print_hex = 010192
    Referenced from:
        fat16_test (D:\source\VSCode\65265 assembly\src\shell/build/shell.o unit 0 section index 109)
        (D:\source\VSCode\65265 assembly\src\shell/build/shell.o unit 0 section index 113)

__memcpy_far in section 'farcode'
 placed at address 0101d4-01021a of size 000047
(memcpy_far.o (from clib-lc-sd.a) unit 16 section index 2)
    Defines:
        __memcpy_far = 0101d4
    References:
        _Dp in (pseudoRegisters.o (from clib-lc-sd.a) unit 6 section index 2)
    Referenced from:
        __initialize_sections (initialize.o (from clib-lc-sd.a) unit 13 section index 2)

__memset_far in section 'farcode'
 placed at address 01021b-010262 of size 000048
(memset_far.o (from clib-lc-sd.a) unit 15 section index 2)
    Defines:
        __memset_far = 01021b
    References:
        _Dp in (pseudoRegisters.o (from clib-lc-sd.a) unit 6 section index 2)
    Referenced from:
        __initialize_sections (initialize.o (from clib-lc-sd.a) unit 13 section index 2)

exit in section 'farcode'  placed at address 010263-0102b5 of size 000053
(exit.o (from clib-lc-sd.a) unit 3 section index 2)
    Defines:
        exit = 010263
    References:
        _Dp in (pseudoRegisters.o (from clib-lc-sd.a) unit 6 section index 2)
        _Exit in (exitC99.o (from clib-lc-sd.a) unit 8 section index 2)
        _ExitCloseStreams in (streamlist.o (from clib-lc-sd.a) unit 11 section index 2)
        _JmpIndLong in (controlFlow.o (from clib-lc-sd.a) unit 5 section index 3)
        __atexit in (atexit.o (from clib-lc-sd.a) unit 7 section index 2)
        __atexit_index in (atexit.o (from clib-lc-sd.a) unit 7 section index 3)
    Referenced from:
        (cstartup.o (from clib-lc-sd.a) unit 2 section index 6)

hex_to_byte in section 'farcode'
 placed at address 0102b6-010318 of size 000063
(D:\source\VSCode\65265 assembly\src\shell/build/shell.o unit 0 section index 110)

print_hex32 in section 'farcode'
 placed at address 010319-010381 of size 000069
(D:\source\VSCode\65265 assembly\src\shell/build/shell.o unit 0 section index 96)
    Defines:
        print_hex32 = 010319
    References:
        _Dp in (pseudoRegisters.o (from clib-lc-sd.a) unit 6 section index 2)
    Referenced from:
        fat_debug_print (D:\source\VSCode\65265 assembly\src\shell/build/shell.o unit 0 section index 97)
        (D:\source\VSCode\65265 assembly\src\shell/build/shell.o unit 0 section index 113)

fat_debug_print in section 'farcode'
 placed at address 010382-0103f7 of size 000076
(D:\source\VSCode\65265 assembly\src\shell/build/shell.o unit 0 section index 97)
    Defines:
        fat_debug_print = 010382
    References:
        `_StringLiteral_  root_sz_secs:     ` in (D:\source\VSCode\65265 assembly\src\shell/build/shell.o unit 0 section index 5)
        `_StringLiteral_  rsvd_sec_cnt:     ` in (D:\source\VSCode\65265 assembly\src\shell/build/shell.o unit 0 section index 6)
        `_StringLiteral_  secs_per_cluster: ` in (D:\source\VSCode\65265 assembly\src\shell/build/shell.o unit 0 section index 7)
        `_StringLiteral_data_lba_start: ` in (D:\source\VSCode\65265 assembly\src\shell/build/shell.o unit 0 section index 47)
        `_StringLiteral_fat_size_secs:  ` in (D:\source\VSCode\65265 assembly\src\shell/build/shell.o unit 0 section index 48)
        `_StringLiteral_part_lba_start: ` in (D:\source\VSCode\65265 assembly\src\shell/build/shell.o unit 0 section index 50)
        print_hex32 in (D:\source\VSCode\65265 assembly\src\shell/build/shell.o unit 0 section index 96)
    Referenced from:
        fat_init (D:\source\VSCode\65265 assembly\src\shell/build/shell.o unit 0 section index 101)

__initialize_sections in section 'farcode'
 placed at address 0103f8-01047e of size 000087
(initialize.o (from clib-lc-sd.a) unit 13 section index 2)
    Defines:
        __initialize_sections = 0103f8
    References:
        _Dp in (pseudoRegisters.o (from clib-lc-sd.a) unit 6 section index 2)
        __memcpy_far in (memcpy_far.o (from clib-lc-sd.a) unit 16 section index 2)
        __memset_far in (memset_far.o (from clib-lc-sd.a) unit 15 section index 2)
    Referenced from:
        __data_initialization_needed (cstartup.o (from clib-lc-sd.a) unit 2 section index 3)

rd32 in section 'farcode'  placed at address 01047f-01050c of size 00008e
(D:\source\VSCode\65265 assembly\src\shell/build/shell.o unit 0 section index 100)
    Defines:
        rd32 = 01047f
    References:
        _Dp in (pseudoRegisters.o (from clib-lc-sd.a) unit 6 section index 2)
    Referenced from:
        fat_init (D:\source\VSCode\65265 assembly\src\shell/build/shell.o unit 0 section index 101)

fat_init in section 'farcode'  placed at address 01050d-0105d7 of size 0000cb
(D:\source\VSCode\65265 assembly\src\shell/build/shell.o unit 0 section index 101)
    Defines:
        fat_init = 01050d
    References:
        fat_debug_print in (D:\source\VSCode\65265 assembly\src\shell/build/shell.o unit 0 section index 97)
        rd16 in (D:\source\VSCode\65265 assembly\src\shell/build/shell.o unit 0 section index 99)
        rd32 in (D:\source\VSCode\65265 assembly\src\shell/build/shell.o unit 0 section index 100)
    Referenced from:
        fat16_test (D:\source\VSCode\65265 assembly\src\shell/build/shell.o unit 0 section index 109)

get_system_time_fat in section 'farcode'
 placed at address 0105d8-0106a7 of size 0000d0
(D:\source\VSCode\65265 assembly\src\shell/build/shell.o unit 0 section index 106)
    References:
        _Dp in (pseudoRegisters.o (from clib-lc-sd.a) unit 6 section index 2)

allocate_cluster in section 'farcode'
 placed at address 0106a8-0107dd of size 000136
(D:\source\VSCode\65265 assembly\src\shell/build/shell.o unit 0 section index 107)
    References:
        _Dp in (pseudoRegisters.o (from clib-lc-sd.a) unit 6 section index 2)

format_fat_name in section 'farcode'
 placed at address 0107de-010940 of size 000163
(D:\source\VSCode\65265 assembly\src\shell/build/shell.o unit 0 section index 98)
    Defines:
        format_fat_name = 0107de
    References:
        _Dp in (pseudoRegisters.o (from clib-lc-sd.a) unit 6 section index 2)
    Referenced from:
        print_file_contents (D:\source\VSCode\65265 assembly\src\shell/build/shell.o unit 0 section index 103)
        delete_file (D:\source\VSCode\65265 assembly\src\shell/build/shell.o unit 0 section index 104)
        create_file (D:\source\VSCode\65265 assembly\src\shell/build/shell.o unit 0 section index 108)
        (D:\source\VSCode\65265 assembly\src\shell/build/shell.o unit 0 section index 112)

run_gfxTest in section 'farcode'
 placed at address 010941-010ac2 of size 000182
(D:\source\VSCode\65265 assembly\src\shell/build/shell.o unit 0 section index 113)
    References:
        _Dp in (pseudoRegisters.o (from clib-lc-sd.a) unit 6 section index 2)
        `_StringLiteral_ ...back` in (D:\source\VSCode\65265 assembly\src\shell/build/shell.o unit 0 section index 9)
        `_StringLiteral_: ` in (D:\source\VSCode\65265 assembly\src\shell/build/shell.o unit 0 section index 12)
        `_StringLiteral_C app...` in (D:\source\VSCode\65265 assembly\src\shell/build/shell.o unit 0 section index 17)
        `_StringLiteral_Entry found at: ` in (D:\source\VSCode\65265 assembly\src\shell/build/shell.o unit 0 section index 19)
        `_StringLiteral_GFXTEST.HEX` in (D:\source\VSCode\65265 assembly\src\shell/build/shell.o unit 0 section index 28)
        `_StringLiteral_Loading GFX...` in (D:\source\VSCode\65265 assembly\src\shell/build/shell.o unit 0 section index 32)
        `_StringLiteral_Peeking at ` in (D:\source\VSCode\65265 assembly\src\shell/build/shell.o unit 0 section index 33)
        print_hex in (D:\source\VSCode\65265 assembly\src\shell/build/shell.o unit 0 section index 95)
        print_hex32 in (D:\source\VSCode\65265 assembly\src\shell/build/shell.o unit 0 section index 96)

delete_file in section 'farcode'
 placed at address 010ac3-010d13 of size 000251
(D:\source\VSCode\65265 assembly\src\shell/build/shell.o unit 0 section index 104)
    Defines:
        delete_file = 010ac3
    References:
        _Dp in (pseudoRegisters.o (from clib-lc-sd.a) unit 6 section index 2)
        `_StringLiteral_Existing file found - deleting...` in (D:\source\VSCode\65265 assembly\src\shell/build/shell.o unit 0 section index 22)
        format_fat_name in (D:\source\VSCode\65265 assembly\src\shell/build/shell.o unit 0 section index 98)
    Referenced from:
        create_file (D:\source\VSCode\65265 assembly\src\shell/build/shell.o unit 0 section index 108)

fat16_test in section 'farcode'  placed at address 010d14-010f66 of size 000253
(D:\source\VSCode\65265 assembly\src\shell/build/shell.o unit 0 section index 109)
    Defines:
        fat16_test = 010d14
    References:
        _Dp in (pseudoRegisters.o (from clib-lc-sd.a) unit 6 section index 2)
        `_StringLiteral_Error: File creation failed code: ` in (D:\source\VSCode\65265 assembly\src\shell/build/shell.o unit 0 section index 20)
        `_StringLiteral_FAT16 Init Failed.` in (D:\source\VSCode\65265 assembly\src\shell/build/shell.o unit 0 section index 23)
        `_StringLiteral_FAT16 System Ready` in (D:\source\VSCode\65265 assembly\src\shell/build/shell.o unit 0 section index 24)
        `_StringLiteral_FILE1.TXT` in (D:\source\VSCode\65265 assembly\src\shell/build/shell.o unit 0 section index 25)
        `_StringLiteral_Hello from R265Nibbler!` in (D:\source\VSCode\65265 assembly\src\shell/build/shell.o unit 0 section index 29)
        `_StringLiteral_Initializing SD card... ` in (D:\source\VSCode\65265 assembly\src\shell/build/shell.o unit 0 section index 30)
        `_StringLiteral_Preparing test data in buffer...` in (D:\source\VSCode\65265 assembly\src\shell/build/shell.o unit 0 section index 34)
        ... 17 more
    Referenced from:
        main (D:\source\VSCode\65265 assembly\src\shell/build/shell.o unit 0 section index 114)

list_root_directory in section 'farcode'
 placed at address 010f67-0111f7 of size 000291
(D:\source\VSCode\65265 assembly\src\shell/build/shell.o unit 0 section index 102)
    Defines:
        list_root_directory = 010f67
    References:
        _Dp in (pseudoRegisters.o (from clib-lc-sd.a) unit 6 section index 2)
        `_StringLiteral_      ` in (D:\source\VSCode\65265 assembly\src\shell/build/shell.o unit 0 section index 4)
        `_StringLiteral_<DIR> ` in (D:\source\VSCode\65265 assembly\src\shell/build/shell.o unit 0 section index 13)
        `_StringLiteral_<VOL> ` in (D:\source\VSCode\65265 assembly\src\shell/build/shell.o unit 0 section index 14)
        `_StringLiteral_Dir Read Error` in (D:\source\VSCode\65265 assembly\src\shell/build/shell.o unit 0 section index 18)
        `_StringLiteral_FS not init.` in (D:\source\VSCode\65265 assembly\src\shell/build/shell.o unit 0 section index 26)
        `_StringLiteral_Listing Directory:` in (D:\source\VSCode\65265 assembly\src\shell/build/shell.o unit 0 section index 31)
    Referenced from:
        fat16_test (D:\source\VSCode\65265 assembly\src\shell/build/shell.o unit 0 section index 109)

print_file_contents in section 'farcode'
 placed at address 0111f8-0115a6 of size 0003af
(D:\source\VSCode\65265 assembly\src\shell/build/shell.o unit 0 section index 103)
    Defines:
        print_file_contents = 0111f8
    References:
        _Dp in (pseudoRegisters.o (from clib-lc-sd.a) unit 6 section index 2)
        _Mul16 in (integer.o (from clib-lc-sd.a) unit 12 section index 2)
        `_StringLiteral_ ---` in (D:\source\VSCode\65265 assembly\src\shell/build/shell.o unit 0 section index 8)
        `_StringLiteral_--- ` in (D:\source\VSCode\65265 assembly\src\shell/build/shell.o unit 0 section index 10)
        `_StringLiteral_------------------` in (D:\source\VSCode\65265 assembly\src\shell/build/shell.o unit 0 section index 11)
        `_StringLiteral_Error: File not found.` in (D:\source\VSCode\65265 assembly\src\shell/build/shell.o unit 0 section index 21)
        `_StringLiteral_FS not init.` in (D:\source\VSCode\65265 assembly\src\shell/build/shell.o unit 0 section index 26)
        `_StringLiteral_Read Error.` in (D:\source\VSCode\65265 assembly\src\shell/build/shell.o unit 0 section index 35)
        format_fat_name in (D:\source\VSCode\65265 assembly\src\shell/build/shell.o unit 0 section index 98)
    Referenced from:
        fat16_test (D:\source\VSCode\65265 assembly\src\shell/build/shell.o unit 0 section index 109)

load_hex_from_sd in section 'farcode'
 placed at address 0115a7-01196b of size 0003c5
(D:\source\VSCode\65265 assembly\src\shell/build/shell.o unit 0 section index 112)
    References:
        _Dp in (pseudoRegisters.o (from clib-lc-sd.a) unit 6 section index 2)
        _Mul16 in (integer.o (from clib-lc-sd.a) unit 12 section index 2)
        format_fat_name in (D:\source\VSCode\65265 assembly\src\shell/build/shell.o unit 0 section index 98)

create_file in section 'farcode'
 placed at address 01196c-011d3d of size 0003d2
(D:\source\VSCode\65265 assembly\src\shell/build/shell.o unit 0 section index 108)
    Defines:
        create_file = 01196c
    References:
        _Dp in (pseudoRegisters.o (from clib-lc-sd.a) unit 6 section index 2)
        _Mul16 in (integer.o (from clib-lc-sd.a) unit 12 section index 2)
        delete_file in (D:\source\VSCode\65265 assembly\src\shell/build/shell.o unit 0 section index 104)
        format_fat_name in (D:\source\VSCode\65265 assembly\src\shell/build/shell.o unit 0 section index 98)
    Referenced from:
        fat16_test (D:\source\VSCode\65265 assembly\src\shell/build/shell.o unit 0 section index 109)

Section 'data_init_table'  placed at address 020000-020009 of size 00000a
(linker generated)

`_StringLiteral_: ` in section 'cdata'
 placed at address 004100-004102 of size 000003
(D:\source\VSCode\65265 assembly\src\shell/build/shell.o unit 0 section index 12)
    Defines:
        `_StringLiteral_: ` = 004100
    Referenced from:
        (D:\source\VSCode\65265 assembly\src\shell/build/shell.o unit 0 section index 113)

`_StringLiteral_ ---` in section 'cdata'
 placed at address 004103-004107 of size 000005
(D:\source\VSCode\65265 assembly\src\shell/build/shell.o unit 0 section index 8)
    Defines:
        `_StringLiteral_ ---` = 004103
    Referenced from:
        print_file_contents (D:\source\VSCode\65265 assembly\src\shell/build/shell.o unit 0 section index 103)

`_StringLiteral_--- ` in section 'cdata'
 placed at address 004108-00410c of size 000005
(D:\source\VSCode\65265 assembly\src\shell/build/shell.o unit 0 section index 10)
    Defines:
        `_StringLiteral_--- ` = 004108
    Referenced from:
        print_file_contents (D:\source\VSCode\65265 assembly\src\shell/build/shell.o unit 0 section index 103)

`_StringLiteral_      ` in section 'cdata'
 placed at address 00410d-004113 of size 000007
(D:\source\VSCode\65265 assembly\src\shell/build/shell.o unit 0 section index 4)
    Defines:
        `_StringLiteral_      ` = 00410d
    Referenced from:
        list_root_directory (D:\source\VSCode\65265 assembly\src\shell/build/shell.o unit 0 section index 102)

`_StringLiteral_<DIR> ` in section 'cdata'
 placed at address 004114-00411a of size 000007
(D:\source\VSCode\65265 assembly\src\shell/build/shell.o unit 0 section index 13)
    Defines:
        `_StringLiteral_<DIR> ` = 004114
    Referenced from:
        list_root_directory (D:\source\VSCode\65265 assembly\src\shell/build/shell.o unit 0 section index 102)

`_StringLiteral_<VOL> ` in section 'cdata'
 placed at address 00411b-004121 of size 000007
(D:\source\VSCode\65265 assembly\src\shell/build/shell.o unit 0 section index 14)
    Defines:
        `_StringLiteral_<VOL> ` = 00411b
    Referenced from:
        list_root_directory (D:\source\VSCode\65265 assembly\src\shell/build/shell.o unit 0 section index 102)

`_StringLiteral_ ...back` in section 'cdata'
 placed at address 004122-00412a of size 000009
(D:\source\VSCode\65265 assembly\src\shell/build/shell.o unit 0 section index 9)
    Defines:
        `_StringLiteral_ ...back` = 004122
    Referenced from:
        (D:\source\VSCode\65265 assembly\src\shell/build/shell.o unit 0 section index 113)

`_StringLiteral_C app...` in section 'cdata'
 placed at address 00412b-004133 of size 000009
(D:\source\VSCode\65265 assembly\src\shell/build/shell.o unit 0 section index 17)
    Defines:
        `_StringLiteral_C app...` = 00412b
    Referenced from:
        (D:\source\VSCode\65265 assembly\src\shell/build/shell.o unit 0 section index 113)

`_StringLiteral_FILE1.TXT` in section 'cdata'
 placed at address 004134-00413d of size 00000a
(D:\source\VSCode\65265 assembly\src\shell/build/shell.o unit 0 section index 25)
    Defines:
        `_StringLiteral_FILE1.TXT` = 004134
    Referenced from:
        fat16_test (D:\source\VSCode\65265 assembly\src\shell/build/shell.o unit 0 section index 109)

`_StringLiteral_hello.txt` in section 'cdata'
 placed at address 00413e-004147 of size 00000a
(D:\source\VSCode\65265 assembly\src\shell/build/shell.o unit 0 section index 49)
    Defines:
        `_StringLiteral_hello.txt` = 00413e
    Referenced from:
        fat16_test (D:\source\VSCode\65265 assembly\src\shell/build/shell.o unit 0 section index 109)

`_StringLiteral_GFXTEST.HEX` in section 'cdata'
 placed at address 004148-004153 of size 00000c
(D:\source\VSCode\65265 assembly\src\shell/build/shell.o unit 0 section index 28)
    Defines:
        `_StringLiteral_GFXTEST.HEX` = 004148
    Referenced from:
        (D:\source\VSCode\65265 assembly\src\shell/build/shell.o unit 0 section index 113)

`_StringLiteral_Peeking at ` in section 'cdata'
 placed at address 004154-00415f of size 00000c
(D:\source\VSCode\65265 assembly\src\shell/build/shell.o unit 0 section index 33)
    Defines:
        `_StringLiteral_Peeking at ` = 004154
    Referenced from:
        (D:\source\VSCode\65265 assembly\src\shell/build/shell.o unit 0 section index 113)

`_StringLiteral_Read Error.` in section 'cdata'
 placed at address 004160-00416b of size 00000c
(D:\source\VSCode\65265 assembly\src\shell/build/shell.o unit 0 section index 35)
    Defines:
        `_StringLiteral_Read Error.` = 004160
    Referenced from:
        print_file_contents (D:\source\VSCode\65265 assembly\src\shell/build/shell.o unit 0 section index 103)

`_StringLiteral_FS not init.` in section 'cdata'
 placed at address 00416c-004178 of size 00000d
(D:\source\VSCode\65265 assembly\src\shell/build/shell.o unit 0 section index 26)
    Defines:
        `_StringLiteral_FS not init.` = 00416c
    Referenced from:
        list_root_directory (D:\source\VSCode\65265 assembly\src\shell/build/shell.o unit 0 section index 102)
        print_file_contents (D:\source\VSCode\65265 assembly\src\shell/build/shell.o unit 0 section index 103)

`_StringLiteral_Dir Read Error` in section 'cdata'
 placed at address 004179-004187 of size 00000f
(D:\source\VSCode\65265 assembly\src\shell/build/shell.o unit 0 section index 18)
    Defines:
        `_StringLiteral_Dir Read Error` = 004179
    Referenced from:
        list_root_directory (D:\source\VSCode\65265 assembly\src\shell/build/shell.o unit 0 section index 102)

`_StringLiteral_Loading GFX...` in section 'cdata'
 placed at address 004188-004196 of size 00000f
(D:\source\VSCode\65265 assembly\src\shell/build/shell.o unit 0 section index 32)
    Defines:
        `_StringLiteral_Loading GFX...` = 004188
    Referenced from:
        (D:\source\VSCode\65265 assembly\src\shell/build/shell.o unit 0 section index 113)

hex_digits in section 'cdata'  placed at address 004197-0041a7 of size 000011
(D:\source\VSCode\65265 assembly\src\shell/build/shell.o unit 0 section index 2)

`_StringLiteral_Entry found at: ` in section 'cdata'
 placed at address 0041a8-0041b8 of size 000011
(D:\source\VSCode\65265 assembly\src\shell/build/shell.o unit 0 section index 19)
    Defines:
        `_StringLiteral_Entry found at: ` = 0041a8
    Referenced from:
        (D:\source\VSCode\65265 assembly\src\shell/build/shell.o unit 0 section index 113)

`_StringLiteral_data_lba_start: ` in section 'cdata'
 placed at address 0041b9-0041c9 of size 000011
(D:\source\VSCode\65265 assembly\src\shell/build/shell.o unit 0 section index 47)
    Defines:
        `_StringLiteral_data_lba_start: ` = 0041b9
    Referenced from:
        fat_debug_print (D:\source\VSCode\65265 assembly\src\shell/build/shell.o unit 0 section index 97)

`_StringLiteral_fat_size_secs:  ` in section 'cdata'
 placed at address 0041ca-0041da of size 000011
(D:\source\VSCode\65265 assembly\src\shell/build/shell.o unit 0 section index 48)
    Defines:
        `_StringLiteral_fat_size_secs:  ` = 0041ca
    Referenced from:
        fat_debug_print (D:\source\VSCode\65265 assembly\src\shell/build/shell.o unit 0 section index 97)

`_StringLiteral_part_lba_start: ` in section 'cdata'
 placed at address 0041db-0041eb of size 000011
(D:\source\VSCode\65265 assembly\src\shell/build/shell.o unit 0 section index 50)
    Defines:
        `_StringLiteral_part_lba_start: ` = 0041db
    Referenced from:
        fat_debug_print (D:\source\VSCode\65265 assembly\src\shell/build/shell.o unit 0 section index 97)

`_StringLiteral_Read back failed!` in section 'cdata'
 placed at address 0041ec-0041fd of size 000012
(D:\source\VSCode\65265 assembly\src\shell/build/shell.o unit 0 section index 36)
    Defines:
        `_StringLiteral_Read back failed!` = 0041ec
    Referenced from:
        fat16_test (D:\source\VSCode\65265 assembly\src\shell/build/shell.o unit 0 section index 109)

`_StringLiteral_------------------` in section 'cdata'
 placed at address 0041fe-004210 of size 000013
(D:\source\VSCode\65265 assembly\src\shell/build/shell.o unit 0 section index 11)
    Defines:
        `_StringLiteral_------------------` = 0041fe
    Referenced from:
        print_file_contents (D:\source\VSCode\65265 assembly\src\shell/build/shell.o unit 0 section index 103)

`_StringLiteral_FAT16 Init Failed.` in section 'cdata'
 placed at address 004211-004223 of size 000013
(D:\source\VSCode\65265 assembly\src\shell/build/shell.o unit 0 section index 23)
    Defines:
        `_StringLiteral_FAT16 Init Failed.` = 004211
    Referenced from:
        fat16_test (D:\source\VSCode\65265 assembly\src\shell/build/shell.o unit 0 section index 109)

`_StringLiteral_FAT16 System Ready` in section 'cdata'
 placed at address 004224-004236 of size 000013
(D:\source\VSCode\65265 assembly\src\shell/build/shell.o unit 0 section index 24)
    Defines:
        `_StringLiteral_FAT16 System Ready` = 004224
    Referenced from:
        fat16_test (D:\source\VSCode\65265 assembly\src\shell/build/shell.o unit 0 section index 109)

`_StringLiteral_Listing Directory:` in section 'cdata'
 placed at address 004237-004249 of size 000013
(D:\source\VSCode\65265 assembly\src\shell/build/shell.o unit 0 section index 31)
    Defines:
        `_StringLiteral_Listing Directory:` = 004237
    Referenced from:
        list_root_directory (D:\source\VSCode\65265 assembly\src\shell/build/shell.o unit 0 section index 102)

`_StringLiteral_  root_sz_secs:     ` in section 'cdata'
 placed at address 00424a-00425e of size 000015
(D:\source\VSCode\65265 assembly\src\shell/build/shell.o unit 0 section index 5)
    Defines:
        `_StringLiteral_  root_sz_secs:     ` = 00424a
    Referenced from:
        fat_debug_print (D:\source\VSCode\65265 assembly\src\shell/build/shell.o unit 0 section index 97)

`_StringLiteral_  rsvd_sec_cnt:     ` in section 'cdata'
 placed at address 00425f-004273 of size 000015
(D:\source\VSCode\65265 assembly\src\shell/build/shell.o unit 0 section index 6)
    Defines:
        `_StringLiteral_  rsvd_sec_cnt:     ` = 00425f
    Referenced from:
        fat_debug_print (D:\source\VSCode\65265 assembly\src\shell/build/shell.o unit 0 section index 97)

`_StringLiteral_  secs_per_cluster: ` in section 'cdata'
 placed at address 004274-004288 of size 000015
(D:\source\VSCode\65265 assembly\src\shell/build/shell.o unit 0 section index 7)
    Defines:
        `_StringLiteral_  secs_per_cluster: ` = 004274
    Referenced from:
        fat_debug_print (D:\source\VSCode\65265 assembly\src\shell/build/shell.o unit 0 section index 97)

`_StringLiteral_Back to Shell main()` in section 'cdata'
 placed at address 004289-00429d of size 000015
(D:\source\VSCode\65265 assembly\src\shell/build/shell.o unit 0 section index 16)
    Defines:
        `_StringLiteral_Back to Shell main()` = 004289
    Referenced from:
        main (D:\source\VSCode\65265 assembly\src\shell/build/shell.o unit 0 section index 114)

`_StringLiteral_Write failed! Error: ` in section 'cdata'
 placed at address 00429e-0042b3 of size 000016
(D:\source\VSCode\65265 assembly\src\shell/build/shell.o unit 0 section index 45)
    Defines:
        `_StringLiteral_Write failed! Error: ` = 00429e
    Referenced from:
        fat16_test (D:\source\VSCode\65265 assembly\src\shell/build/shell.o unit 0 section index 109)

`_StringLiteral_Error: File not found.` in section 'cdata'
 placed at address 0042b4-0042ca of size 000017
(D:\source\VSCode\65265 assembly\src\shell/build/shell.o unit 0 section index 21)
    Defines:
        `_StringLiteral_Error: File not found.` = 0042b4
    Referenced from:
        print_file_contents (D:\source\VSCode\65265 assembly\src\shell/build/shell.o unit 0 section index 103)

`_StringLiteral_Finished SD card test!` in section 'cdata'
 placed at address 0042cb-0042e1 of size 000017
(D:\source\VSCode\65265 assembly\src\shell/build/shell.o unit 0 section index 27)
    Defines:
        `_StringLiteral_Finished SD card test!` = 0042cb
    Referenced from:
        main (D:\source\VSCode\65265 assembly\src\shell/build/shell.o unit 0 section index 114)

`_StringLiteral_Success: File created.` in section 'cdata'
 placed at address 0042e2-0042f8 of size 000017
(D:\source\VSCode\65265 assembly\src\shell/build/shell.o unit 0 section index 43)
    Defines:
        `_StringLiteral_Success: File created.` = 0042e2
    Referenced from:
        fat16_test (D:\source\VSCode\65265 assembly\src\shell/build/shell.o unit 0 section index 109)

`_StringLiteral_Hello from R265Nibbler!` in section 'cdata'
 placed at address 0042f9-004310 of size 000018
(D:\source\VSCode\65265 assembly\src\shell/build/shell.o unit 0 section index 29)
    Defines:
        `_StringLiteral_Hello from R265Nibbler!` = 0042f9
    Referenced from:
        fat16_test (D:\source\VSCode\65265 assembly\src\shell/build/shell.o unit 0 section index 109)

`_StringLiteral_Write command accepted!` in section 'cdata'
 placed at address 004311-004328 of size 000018
(D:\source\VSCode\65265 assembly\src\shell/build/shell.o unit 0 section index 44)
    Defines:
        `_StringLiteral_Write command accepted!` = 004311
    Referenced from:
        fat16_test (D:\source\VSCode\65265 assembly\src\shell/build/shell.o unit 0 section index 109)

`_StringLiteral_Initializing SD card... ` in section 'cdata'
 placed at address 004329-004341 of size 000019
(D:\source\VSCode\65265 assembly\src\shell/build/shell.o unit 0 section index 30)
    Defines:
        `_StringLiteral_Initializing SD card... ` = 004329
    Referenced from:
        fat16_test (D:\source\VSCode\65265 assembly\src\shell/build/shell.o unit 0 section index 109)

`_StringLiteral_Writing to sector 0x0020... ` in section 'cdata'
 placed at address 004342-00435e of size 00001d
(D:\source\VSCode\65265 assembly\src\shell/build/shell.o unit 0 section index 46)
    Defines:
        `_StringLiteral_Writing to sector 0x0020... ` = 004342
    Referenced from:
        fat16_test (D:\source\VSCode\65265 assembly\src\shell/build/shell.o unit 0 section index 109)

`_StringLiteral_Attempting to read SD card... ` in section 'cdata'
 placed at address 00435f-00437d of size 00001f
(D:\source\VSCode\65265 assembly\src\shell/build/shell.o unit 0 section index 15)
    Defines:
        `_StringLiteral_Attempting to read SD card... ` = 00435f
    Referenced from:
        main (D:\source\VSCode\65265 assembly\src\shell/build/shell.o unit 0 section index 114)

`_StringLiteral_Reading back sector 0x0020... ` in section 'cdata'
 placed at address 00437e-00439c of size 00001f
(D:\source\VSCode\65265 assembly\src\shell/build/shell.o unit 0 section index 37)
    Defines:
        `_StringLiteral_Reading back sector 0x0020... ` = 00437e
    Referenced from:
        fat16_test (D:\source\VSCode\65265 assembly\src\shell/build/shell.o unit 0 section index 109)

`_StringLiteral_Preparing test data in buffer...` in section 'cdata'
 placed at address 00439d-0043bd of size 000021
(D:\source\VSCode\65265 assembly\src\shell/build/shell.o unit 0 section index 34)
    Defines:
        `_StringLiteral_Preparing test data in buffer...` = 00439d
    Referenced from:
        fat16_test (D:\source\VSCode\65265 assembly\src\shell/build/shell.o unit 0 section index 109)

`_StringLiteral_Existing file found - deleting...` in section 'cdata'
 placed at address 0043be-0043df of size 000022
(D:\source\VSCode\65265 assembly\src\shell/build/shell.o unit 0 section index 22)
    Defines:
        `_StringLiteral_Existing file found - deleting...` = 0043be
    Referenced from:
        delete_file (D:\source\VSCode\65265 assembly\src\shell/build/shell.o unit 0 section index 104)

`_StringLiteral_SD card initialized successfully!` in section 'cdata'
 placed at address 0043e0-004401 of size 000022
(D:\source\VSCode\65265 assembly\src\shell/build/shell.o unit 0 section index 40)
    Defines:
        `_StringLiteral_SD card initialized successfully!` = 0043e0
    Referenced from:
        fat16_test (D:\source\VSCode\65265 assembly\src\shell/build/shell.o unit 0 section index 109)

`_StringLiteral_Error: File creation failed code: ` in section 'cdata'
 placed at address 004402-004424 of size 000023
(D:\source\VSCode\65265 assembly\src\shell/build/shell.o unit 0 section index 20)
    Defines:
        `_StringLiteral_Error: File creation failed code: ` = 004402
    Referenced from:
        fat16_test (D:\source\VSCode\65265 assembly\src\shell/build/shell.o unit 0 section index 109)

`_StringLiteral_Sector read failed with error code: ` in section 'cdata'
 placed at address 004425-004449 of size 000025
(D:\source\VSCode\65265 assembly\src\shell/build/shell.o unit 0 section index 41)
    Defines:
        `_StringLiteral_Sector read failed with error code: ` = 004425
    Referenced from:
        fat16_test (D:\source\VSCode\65265 assembly\src\shell/build/shell.o unit 0 section index 109)

`_StringLiteral_Reading sector 0x0000 from SD card... ` in section 'cdata'
 placed at address 00444a-004470 of size 000027
(D:\source\VSCode\65265 assembly\src\shell/build/shell.o unit 0 section index 38)
    Defines:
        `_StringLiteral_Reading sector 0x0000 from SD card... ` = 00444a
    Referenced from:
        fat16_test (D:\source\VSCode\65265 assembly\src\shell/build/shell.o unit 0 section index 109)

`_StringLiteral_Sector read successfully! First 16 bytes:` in section 'cdata'
 placed at address 004471-00449a of size 00002a
(D:\source\VSCode\65265 assembly\src\shell/build/shell.o unit 0 section index 42)
    Defines:
        `_StringLiteral_Sector read successfully! First 16 bytes:` = 004471
    Referenced from:
        fat16_test (D:\source\VSCode\65265 assembly\src\shell/build/shell.o unit 0 section index 109)

`_StringLiteral_SD card initialization failed with error code: ` in section 'cdata'
 placed at address 00449b-0044ca of size 000030
(D:\source\VSCode\65265 assembly\src\shell/build/shell.o unit 0 section index 39)
    Defines:
        `_StringLiteral_SD card initialization failed with error code: ` = 00449b
    Referenced from:
        fat16_test (D:\source\VSCode\65265 assembly\src\shell/build/shell.o unit 0 section index 109)

__program_start in section 'code'
 placed at address 0044cb-0044e3 of size 000019
(cstartup.o (from clib-lc-sd.a) unit 2 section index 2)
    Defines:
        __program_start = 0044cb
    References:
        _DirectPageStart
        .sectionEnd(stack)
        _Vfp in (pseudoRegisters.o (from clib-lc-sd.a) unit 6 section index 2)
        __low_level_init in (cstartup.o (from clib-lc-sd.a) unit 2 section index 8)
    Referenced from:
        __program_root_section (cstartup.o (from clib-lc-sd.a) unit 2 section index 7)

__data_initialization_needed in section 'code'
 placed at address 0044e4-0044fb of size 000018
(cstartup.o (from clib-lc-sd.a) unit 2 section index 3)
    Defines:
        __data_initialization_needed = 0044e4
    References:
        _Dp in (pseudoRegisters.o (from clib-lc-sd.a) unit 6 section index 2)
        .sectionEnd(data_init_table)
        .sectionStart(data_init_table)
        __initialize_sections in (initialize.o (from clib-lc-sd.a) unit 13 section index 2)

Section 'code'  placed at address 0044fc-004506 of size 00000b
(cstartup.o (from clib-lc-sd.a) unit 2 section index 6)
    References:
        exit in (exit.o (from clib-lc-sd.a) unit 3 section index 2)
        main in (D:\source\VSCode\65265 assembly\src\shell/build/shell.o unit 0 section index 114)

__atexit_index in section 'zdata'
 placed at address 004507-004508 of size 000002
(atexit.o (from clib-lc-sd.a) unit 7 section index 3)
    Defines:
        __atexit_index = 004507
    Referenced from:
        exit (exit.o (from clib-lc-sd.a) unit 3 section index 2)

__atexit in section 'zdata'  placed at address 004509-004588 of size 000080
(atexit.o (from clib-lc-sd.a) unit 7 section index 2)
    Defines:
        __atexit = 004509
    Referenced from:
        exit (exit.o (from clib-lc-sd.a) unit 3 section index 2)

_ExitCloseStreams in section 'zdata'
 placed at address 004589-00458c of size 000004
(streamlist.o (from clib-lc-sd.a) unit 11 section index 2)
    Defines:
        _ExitCloseStreams = 004589
    Referenced from:
        exit (exit.o (from clib-lc-sd.a) unit 3 section index 2)

record_addr in section 'zdata'  placed at address 00458d-00458e of size 000002
(D:\source\VSCode\65265 assembly\src\shell/build/shell.o unit 0 section index 74)

record_type in section 'zdata'  placed at address 00458f-00458f of size 000001
(D:\source\VSCode\65265 assembly\src\shell/build/shell.o unit 0 section index 73)

record_len in section 'zdata'  placed at address 004590-004590 of size 000001
(D:\source\VSCode\65265 assembly\src\shell/build/shell.o unit 0 section index 72)

entry_point in section 'zdata'  placed at address 004591-004594 of size 000004
(D:\source\VSCode\65265 assembly\src\shell/build/shell.o unit 0 section index 71)

target_bank_offset in section 'zdata'
 placed at address 004595-004598 of size 000004
(D:\source\VSCode\65265 assembly\src\shell/build/shell.o unit 0 section index 70)

file_lba in section 'zdata'  placed at address 004599-00459c of size 000004
(D:\source\VSCode\65265 assembly\src\shell/build/shell.o unit 0 section index 69)

k in section 'zdata'  placed at address 00459d-00459e of size 000002
(D:\source\VSCode\65265 assembly\src\shell/build/shell.o unit 0 section index 68)

i in section 'zdata'  placed at address 00459f-0045a0 of size 000002
(D:\source\VSCode\65265 assembly\src\shell/build/shell.o unit 0 section index 67)

s in section 'zdata'  placed at address 0045a1-0045a2 of size 000002
(D:\source\VSCode\65265 assembly\src\shell/build/shell.o unit 0 section index 66)

found in section 'zdata'  placed at address 0045a3-0045a3 of size 000001
(D:\source\VSCode\65265 assembly\src\shell/build/shell.o unit 0 section index 65)

file_size in section 'zdata'  placed at address 0045a4-0045a7 of size 000004
(D:\source\VSCode\65265 assembly\src\shell/build/shell.o unit 0 section index 64)

start_cluster in section 'zdata'
 placed at address 0045a8-0045a9 of size 000002
(D:\source\VSCode\65265 assembly\src\shell/build/shell.o unit 0 section index 63)

target_fat_name in section 'zdata'
 placed at address 0045aa-0045b9 of size 000010
(D:\source\VSCode\65265 assembly\src\shell/build/shell.o unit 0 section index 62)

g_sectors_per_cluster in section 'zdata'
 placed at address 0045ba-0045ba of size 000001
(D:\source\VSCode\65265 assembly\src\shell/build/shell.o unit 0 section index 61)

g_data_lba_start in section 'zdata'
 placed at address 0045bb-0045be of size 000004
(D:\source\VSCode\65265 assembly\src\shell/build/shell.o unit 0 section index 60)

g_root_sz_sects in section 'zdata'
 placed at address 0045bf-0045c0 of size 000002
(D:\source\VSCode\65265 assembly\src\shell/build/shell.o unit 0 section index 59)

g_root_lba_start in section 'zdata'
 placed at address 0045c1-0045c4 of size 000004
(D:\source\VSCode\65265 assembly\src\shell/build/shell.o unit 0 section index 58)

g_fat_size_sectors in section 'zdata'
 placed at address 0045c5-0045c6 of size 000002
(D:\source\VSCode\65265 assembly\src\shell/build/shell.o unit 0 section index 55)

g_rsvd_sec_cnt in section 'zdata'
 placed at address 0045c7-0045c8 of size 000002
(D:\source\VSCode\65265 assembly\src\shell/build/shell.o unit 0 section index 54)

g_partition_lba_start in section 'zdata'
 placed at address 0045c9-0045cc of size 000004
(D:\source\VSCode\65265 assembly\src\shell/build/shell.o unit 0 section index 53)

g_fat_initialized in section 'zdata'
 placed at address 0045cd-0045cd of size 000001
(D:\source\VSCode\65265 assembly\src\shell/build/shell.o unit 0 section index 51)

Section 'stack'  placed at address 0045ce-005dcd of size 001800
(linker generated)

_Dp in section 'registers'  placed at address 004000-004013 of size 000014
(pseudoRegisters.o (from clib-lc-sd.a) unit 6 section index 2)
    Defines:
        _Vfp = 004010
        _Dp = 004000
    Referenced from:
        print_hex32 (D:\source\VSCode\65265 assembly\src\shell/build/shell.o unit 0 section index 96)
        format_fat_name (D:\source\VSCode\65265 assembly\src\shell/build/shell.o unit 0 section index 98)
        rd16 (D:\source\VSCode\65265 assembly\src\shell/build/shell.o unit 0 section index 99)
        rd32 (D:\source\VSCode\65265 assembly\src\shell/build/shell.o unit 0 section index 100)
        list_root_directory (D:\source\VSCode\65265 assembly\src\shell/build/shell.o unit 0 section index 102)
        print_file_contents (D:\source\VSCode\65265 assembly\src\shell/build/shell.o unit 0 section index 103)
        delete_file (D:\source\VSCode\65265 assembly\src\shell/build/shell.o unit 0 section index 104)
        (D:\source\VSCode\65265 assembly\src\shell/build/shell.o unit 0 section index 105)
        ... 15 more

__program_root_section in section 'reset'
 placed at address 00fffc-00fffd of size 000002
(cstartup.o (from clib-lc-sd.a) unit 2 section index 7)
    Defines:
        __program_root_section = 00fffc
    References:
        __program_start in (cstartup.o (from clib-lc-sd.a) unit 2 section index 2)

##########################
#                        #
# Memory sizes (decimal) #
#                        #
##########################

Executable       (Text): 8529 bytes
Data                   :  199 bytes
Non-initialized        : 6164 bytes
