###############################################################################
#                                                                             #
# Calypsi linker for 65816                                       version 5.15 #
#                                                       08/Mar/2026  14:20:24 #
# Command line: --output-format=raw --root-symbol=main --program-start=main   #
#               --raw-multiple-memories --no-data-init-table-section          #
#               D:\source\VSCode\65265 assembly\src\debug/build/main.o        #
#               D:\source\VSCode\65265 assembly\src\debug/rules.scm -o        #
#               D:\source\VSCode\65265 assembly\src\debug/build/app.bin       #
#               --list-file=D:\source\VSCode\65265 assembly\src\debug/build/main_linked.lst #
#                                                                             #
###############################################################################

####################
#                  #
# Memories summary #
#                  #
####################

Name                    Range         Size    Used    Checksum  Largest unallocated
-----------------------------------------------------------------------------------
CS2B_ONCHIP_RAM         000000-0001ff 000200    0.0%  none      000200
CS3B_SRAM               000000-007fff 008000    0.0%  none      008000
APP_ZP-tiny             002000-0020ff 000100    7.8%  none      0000ec
APP_ZP                  002100-002fff 000f00    0.0%  none      000f00
APP_FIXED_ENTRY         004000-004003 000004    0.0%  none      000004
APP_RAM_DATA            004004-005fff 001ffc   52.5%  none      000f2e
  > APP_RAM_DATA-cbits  004004-00404b 000048  100.0%  none      none
  > APP_RAM_DATA-nobits 00404c-0050d1 001086  100.0%  none      000f2e
CS4B_FLASH              008000-00ffe3 007fe4    0.0%  none      008000
CS0B_EXT_CS0            00df00-00df1f 000020    0.0%  none      000020
CS1B_EXT_CS1            00dfc0-00dfff 000040    0.0%  none      000040
CS2B_ONCHIP_ROM         00e000-00feff 001f00    0.0%  none      001f00
CS4B_FLASH-vector       00ffe4-00ffff 00001c    7.1%  none      007ffc
CS5B_SRAM-01            010000-01ffff 010000    0.0%  none      010000
CS5B_SRAM-02            020000-02ffff 010000    0.0%  none      010000
CS5B_SRAM-03            030000-03ffff 010000    0.0%  none      010000
CS5B_SRAM-04            040000-04ffff 010000    0.0%  none      010000
CS6B_FLASH              040000-047fff 008000    0.0%  none      008000
CS5B_SRAM-05            050000-05ffff 010000    0.0%  none      010000
APP_RAM_CODE            060000-06ffff 010000    0.3%  none      00ff35
CS5B_SRAM-06            060000-06ffff 010000    0.0%  none      010000
CS5B_SRAM-07            070000-07ffff 010000    0.0%  none      010000
CS7B_VGA_VRAM           0ea000-0ebfff 002000    0.0%  none      002000
CS7B_GAL_SRAM           0f0000-0f07ff 000800    0.0%  none      000800


####################
#                  #
# Sections summary #
#                  #
####################

Name      Range          Size    Memory              Fragments
--------------------------------------------------------------
registers 002000-002013  000014  APP_ZP-tiny         1
cdata     004004-004027  000024  APP_RAM_DATA-cbits  2
code      004028-00404b  000024  APP_RAM_DATA-cbits  2
zdata     00404c-0040d1  000086  APP_RAM_DATA-nobits 3
stack     0040d2-0050d1  001000  APP_RAM_DATA-nobits 1
reset     00fffc-00fffd  000002  CS4B_FLASH-vector   1
farcode   060000-0600ca  0000cb  APP_RAM_CODE        12


###################
#                 #
# Placement rules #
#                 #
###################

Name                     Address range  Key
----------------------------------------------------------------------
APP_FIXED_ENTRY          004000-004003  Plain
  APP_FIXED_ENTRY-nobits 004000-004003  Plain and BSS
    > zdata
    > stack
  APP_FIXED_ENTRY-bits   004000-004003  Plain and DATA
  APP_FIXED_ENTRY-cbits  004000-004003  Plain and RODATA
    > cdata
  APP_FIXED_ENTRY-code   004000-004003  PlainFunction and TEXT
    > code
APP_RAM_CODE             060000-06ffff  TEXT, RODATA and DATA
  > farcode
  APP_RAM_CODE-NoBits    060000-06ffff  BSS
APP_RAM_DATA             004004-005fff  Plain
  APP_RAM_DATA-nobits    004004-005fff  Plain and BSS
    > zdata
    > stack
  APP_RAM_DATA-bits      004004-005fff  Plain and DATA
  APP_RAM_DATA-cbits     004004-005fff  Plain and RODATA
    > cdata
  APP_RAM_DATA-code      004004-005fff  PlainFunction and TEXT
    > code
APP_ZP                   002100-002fff  Plain
  APP_ZP-nobits          002100-002fff  Plain and BSS
    > zdata
    > stack
  APP_ZP-bits            002100-002fff  Plain and DATA
  APP_ZP-cbits           002100-002fff  Plain and RODATA
    > cdata
  APP_ZP-code            002100-002fff  PlainFunction and TEXT
    > code
APP_ZP-tiny              002000-0020ff  Tiny and BSS
  > registers
CS0B_EXT_CS0             00df00-00df1f  Plain
  CS0B_EXT_CS0-nobits    00df00-00df1f  Plain and BSS
    > zdata
    > stack
  CS0B_EXT_CS0-bits      00df00-00df1f  Plain and DATA
  CS0B_EXT_CS0-cbits     00df00-00df1f  Plain and RODATA
    > cdata
  CS0B_EXT_CS0-code      00df00-00df1f  PlainFunction and TEXT
    > code
CS1B_EXT_CS1             00dfc0-00dfff  Plain
  CS1B_EXT_CS1-nobits    00dfc0-00dfff  Plain and BSS
    > zdata
    > stack
  CS1B_EXT_CS1-bits      00dfc0-00dfff  Plain and DATA
  CS1B_EXT_CS1-cbits     00dfc0-00dfff  Plain and RODATA
    > cdata
  CS1B_EXT_CS1-code      00dfc0-00dfff  PlainFunction and TEXT
    > code
CS2B_ONCHIP_RAM          000000-0001ff  Plain
  CS2B_ONCHIP_RAM-nobits 000000-0001ff  Plain and BSS
    > zdata
    > stack
  CS2B_ONCHIP_RAM-bits   000000-0001ff  Plain and DATA
  CS2B_ONCHIP_RAM-cbits  000000-0001ff  Plain and RODATA
    > cdata
  CS2B_ONCHIP_RAM-code   000000-0001ff  PlainFunction and TEXT
    > code
CS2B_ONCHIP_ROM          00e000-00feff  Plain
  CS2B_ONCHIP_ROM-nobits 00e000-00feff  Plain and BSS
    > zdata
    > stack
  CS2B_ONCHIP_ROM-bits   00e000-00feff  Plain and DATA
  CS2B_ONCHIP_ROM-cbits  00e000-00feff  Plain and RODATA
    > cdata
  CS2B_ONCHIP_ROM-code   00e000-00feff  PlainFunction and TEXT
    > code
CS3B_SRAM                000000-007fff  Plain
  CS3B_SRAM-nobits       000000-007fff  Plain and BSS
    > zdata
    > stack
  CS3B_SRAM-bits         000000-007fff  Plain and DATA
  CS3B_SRAM-cbits        000000-007fff  Plain and RODATA
    > cdata
  CS3B_SRAM-code         000000-007fff  PlainFunction and TEXT
    > code
CS4B_FLASH-vector        00ffe4-00ffff  Plain
  > (reset 00fffc)
CS4B_FLASH               008000-00ffe3  Plain
  CS4B_FLASH-nobits      008000-00ffe3  Plain and BSS
    > zdata
    > stack
  CS4B_FLASH-bits        008000-00ffe3  Plain and DATA
  CS4B_FLASH-cbits       008000-00ffe3  Plain and RODATA
    > cdata
  CS4B_FLASH-code        008000-00ffe3  PlainFunction and TEXT
    > code
CS5B_SRAM-01             010000-01ffff  Far
  CS5B_SRAM-01-farcode   010000-01ffff  FarFunction and TEXT
    > farcode
CS5B_SRAM-02             020000-02ffff  Far
  CS5B_SRAM-02-farcode   020000-02ffff  FarFunction and TEXT
    > farcode
CS5B_SRAM-03             030000-03ffff  Far
  CS5B_SRAM-03-farcode   030000-03ffff  FarFunction and TEXT
    > farcode
CS5B_SRAM-04             040000-04ffff  Far
  CS5B_SRAM-04-farcode   040000-04ffff  FarFunction and TEXT
    > farcode
CS5B_SRAM-05             050000-05ffff  Far
  CS5B_SRAM-05-farcode   050000-05ffff  FarFunction and TEXT
    > farcode
CS5B_SRAM-06             060000-06ffff  Far
  CS5B_SRAM-06-farcode   060000-06ffff  FarFunction and TEXT
    > farcode
CS5B_SRAM-07             070000-07ffff  Far
  CS5B_SRAM-07-farcode   070000-07ffff  FarFunction and TEXT
    > farcode
CS6B_FLASH               040000-047fff  TEXT, RODATA and DATA
  > farcode
  CS6B_FLASH-NoBits      040000-047fff  BSS
CS7B_GAL_SRAM            0f0000-0f07ff  TEXT, RODATA and DATA
  > farcode
  CS7B_GAL_SRAM-NoBits   0f0000-0f07ff  BSS
CS7B_VGA_VRAM            0ea000-0ebfff  TEXT, RODATA and DATA
  > farcode
  CS7B_VGA_VRAM-NoBits   0ea000-0ebfff  BSS

Name  Size   Align
-------------------
stack 001000 no

Name             Memory      Offset
------------------------------------
_DirectPageStart APP_ZP-tiny 000000

################
#              #
# Object files #
#              #
################

Unit Filename                                               Archive
------------------------------------------------------------------------
  0  D:\source\VSCode\65265 assembly\src\debug/build/main.o -
          >  cdata   000024
          >  farcode 000063
  2  cstartup.o                                             clib-lc-sd.a
          # picked based on cstartup=normal (built-in default)
          >  code    000024
          >  farcode 000001
          >  reset   000002
  3  exit.o                                                 clib-lc-sd.a
          # picked based on exit=stdexit (built-in default)
          >  farcode 000053
  5  controlFlow.o                                          clib-lc-sd.a
          >  farcode 00000e
  6  pseudoRegisters.o                                      clib-lc-sd.a
          >  registers 000014
  7  atexit.o                                               clib-lc-sd.a
          >  zdata 000082
  8  exitC99.o                                              clib-lc-sd.a
          >  farcode 000005
  9  defaultExit.o                                          clib-lc-sd.a
          >  farcode 000001
 11  streamlist.o                                           clib-lc-sd.a
          >  zdata 000004

###################
#                 #
# Cross reference #
#                 #
###################

_Dp in section 'registers'  placed at address 002000-002013 of size 000014
(pseudoRegisters.o (from clib-lc-sd.a) unit 6 section index 2)
    Defines:
        _Vfp = 002010
        _Dp = 002000
    Referenced from:
        __program_start (cstartup.o (from clib-lc-sd.a) unit 2 section index 2)
        exit (exit.o (from clib-lc-sd.a) unit 3 section index 2)
        _JmpIndLong (controlFlow.o (from clib-lc-sd.a) unit 5 section index 3)

msg in section 'cdata'  placed at address 004004-004010 of size 00000d
(D:\source\VSCode\65265 assembly\src\debug/build/main.o unit 0 section index 2)

`_StringLiteral_*Hello, world, from C!` in section 'cdata'
 placed at address 004011-004027 of size 000017
(D:\source\VSCode\65265 assembly\src\debug/build/main.o unit 0 section index 3)
    Defines:
        `_StringLiteral_*Hello, world, from C!` = 004011
    Referenced from:
        main (D:\source\VSCode\65265 assembly\src\debug/build/main.o unit 0 section index 11)

__program_start in section 'code'
 placed at address 004028-004040 of size 000019
(cstartup.o (from clib-lc-sd.a) unit 2 section index 2)
    Defines:
        __program_start = 004028
    References:
        _DirectPageStart
        .sectionEnd(stack)
        _Vfp in (pseudoRegisters.o (from clib-lc-sd.a) unit 6 section index 2)
        __low_level_init in (cstartup.o (from clib-lc-sd.a) unit 2 section index 8)
    Referenced from:
        __program_root_section (cstartup.o (from clib-lc-sd.a) unit 2 section index 7)

Section 'code'  placed at address 004041-00404b of size 00000b
(cstartup.o (from clib-lc-sd.a) unit 2 section index 6)
    References:
        exit in (exit.o (from clib-lc-sd.a) unit 3 section index 2)
        main in (D:\source\VSCode\65265 assembly\src\debug/build/main.o unit 0 section index 11)

__atexit_index in section 'zdata'
 placed at address 00404c-00404d of size 000002
(atexit.o (from clib-lc-sd.a) unit 7 section index 3)
    Defines:
        __atexit_index = 00404c
    Referenced from:
        exit (exit.o (from clib-lc-sd.a) unit 3 section index 2)

__atexit in section 'zdata'  placed at address 00404e-0040cd of size 000080
(atexit.o (from clib-lc-sd.a) unit 7 section index 2)
    Defines:
        __atexit = 00404e
    Referenced from:
        exit (exit.o (from clib-lc-sd.a) unit 3 section index 2)

_ExitCloseStreams in section 'zdata'
 placed at address 0040ce-0040d1 of size 000004
(streamlist.o (from clib-lc-sd.a) unit 11 section index 2)
    Defines:
        _ExitCloseStreams = 0040ce
    Referenced from:
        exit (exit.o (from clib-lc-sd.a) unit 3 section index 2)

Section 'stack'  placed at address 0040d2-0050d1 of size 001000
(linker generated)

__program_root_section in section 'reset'
 placed at address 00fffc-00fffd of size 000002
(cstartup.o (from clib-lc-sd.a) unit 2 section index 7)
    Defines:
        __program_root_section = 00fffc
    References:
        __program_start in (cstartup.o (from clib-lc-sd.a) unit 2 section index 2)

_Stub_exit in section 'farcode'  placed at address 060000-060000 of size 000001
(defaultExit.o (from clib-lc-sd.a) unit 9 section index 2)
    Defines:
        _Stub_exit = 060000
    Referenced from:
        _Exit (exitC99.o (from clib-lc-sd.a) unit 8 section index 2)

__low_level_init in section 'farcode'
 placed at address 060001-060001 of size 000001
(cstartup.o (from clib-lc-sd.a) unit 2 section index 8)
    Defines:
        __low_level_init = 060001
    Referenced from:
        __program_start (cstartup.o (from clib-lc-sd.a) unit 2 section index 2)

os_newline in section 'farcode'  placed at address 060002-060004 of size 000003
(D:\source\VSCode\65265 assembly\src\debug/build/main.o unit 0 section index 6)

os_debug_mark in section 'farcode'
 placed at address 060005-060007 of size 000003
(D:\source\VSCode\65265 assembly\src\debug/build/main.o unit 0 section index 7)

os_debug_mark2 in section 'farcode'
 placed at address 060008-06000a of size 000003
(D:\source\VSCode\65265 assembly\src\debug/build/main.o unit 0 section index 8)

os_c_return in section 'farcode'
 placed at address 06000b-06000d of size 000003
(D:\source\VSCode\65265 assembly\src\debug/build/main.o unit 0 section index 9)

_Exit in section 'farcode'  placed at address 06000e-060012 of size 000005
(exitC99.o (from clib-lc-sd.a) unit 8 section index 2)
    Defines:
        _Exit = 06000e
    References:
        _Stub_exit in (defaultExit.o (from clib-lc-sd.a) unit 9 section index 2)
    Referenced from:
        exit (exit.o (from clib-lc-sd.a) unit 3 section index 2)

os_print_char in section 'farcode'
 placed at address 060013-06001c of size 00000a
(D:\source\VSCode\65265 assembly\src\debug/build/main.o unit 0 section index 5)

_JmpIndLong in section 'farcode'
 placed at address 06001d-06002a of size 00000e
(controlFlow.o (from clib-lc-sd.a) unit 5 section index 3)
    Defines:
        _JmpIndLong = 06001d
    References:
        _Dp in (pseudoRegisters.o (from clib-lc-sd.a) unit 6 section index 2)
    Referenced from:
        exit (exit.o (from clib-lc-sd.a) unit 3 section index 2)

main in section 'farcode'  placed at address 06002b-060050 of size 000026
(D:\source\VSCode\65265 assembly\src\debug/build/main.o unit 0 section index 11)
    Defines:
        main = 06002b
    References:
        `_StringLiteral_*Hello, world, from C!` in (D:\source\VSCode\65265 assembly\src\debug/build/main.o unit 0 section index 3)
    Referenced from:
        (cstartup.o (from clib-lc-sd.a) unit 2 section index 6)

os_puts in section 'farcode'  placed at address 060051-060077 of size 000027
(D:\source\VSCode\65265 assembly\src\debug/build/main.o unit 0 section index 10)

exit in section 'farcode'  placed at address 060078-0600ca of size 000053
(exit.o (from clib-lc-sd.a) unit 3 section index 2)
    Defines:
        exit = 060078
    References:
        _Dp in (pseudoRegisters.o (from clib-lc-sd.a) unit 6 section index 2)
        _Exit in (exitC99.o (from clib-lc-sd.a) unit 8 section index 2)
        _ExitCloseStreams in (streamlist.o (from clib-lc-sd.a) unit 11 section index 2)
        _JmpIndLong in (controlFlow.o (from clib-lc-sd.a) unit 5 section index 3)
        __atexit in (atexit.o (from clib-lc-sd.a) unit 7 section index 2)
        __atexit_index in (atexit.o (from clib-lc-sd.a) unit 7 section index 3)
    Referenced from:
        (cstartup.o (from clib-lc-sd.a) unit 2 section index 6)

##########################
#                        #
# Memory sizes (decimal) #
#                        #
##########################

Executable       (Text):  277 bytes
Data                   :  134 bytes
Non-initialized        : 4116 bytes
