###############################################################################
#                                                                             #
# Calypsi linker for 65816                                       version 5.15 #
#                                                       09/Mar/2026  22:58:06 #
# Command line: --output-format=raw --root-symbol=main --program-start=main   #
#               --raw-multiple-memories --no-data-init-table-section          #
#               D:\source\VSCode\65265 assembly\src\debug/build/main.o        #
#               D:\source\VSCode\65265 assembly\src\debug/rules.scm -o        #
#               D:\source\VSCode\65265 assembly\src\debug/build/app.bin       #
#               --list-file=D:\source\VSCode\65265 assembly\src\debug/build/main_linked.lst #
#                                                                             #
###############################################################################

####################
#                  #
# Memories summary #
#                  #
####################

Name                    Range         Size    Used    Checksum  Largest unallocated
-----------------------------------------------------------------------------------
CS2B_ONCHIP_RAM         000000-0001ff 000200    0.0%  none      000200
CS3B_SRAM               000000-007fff 008000    0.0%  none      008000
APP_ZP-tiny             002000-0020ff 000100    7.8%  none      0000ec
APP_ZP                  002100-002fff 000f00    0.0%  none      000f00
APP_FIXED_ENTRY         004000-004003 000004    0.0%  none      000004
APP_RAM_DATA            004004-005fff 001ffc   86.8%  none      00043b
  > APP_RAM_DATA-cbits  004004-00493e 00093b  100.0%  none      none
  > APP_RAM_DATA-nobits 00493f-005bc4 001286  100.0%  none      00043b
CS4B_FLASH              008000-00ffe3 007fe4    0.0%  none      008000
CS0B_EXT_CS0            00df00-00df1f 000020    0.0%  none      000020
CS1B_EXT_CS1            00dfc0-00dfff 000040    0.0%  none      000040
CS2B_ONCHIP_ROM         00e000-00feff 001f00    0.0%  none      001f00
CS4B_FLASH-vector       00ffe4-00ffff 00001c    7.1%  none      007ffc
CS5B_SRAM-01            010000-01ffff 010000    0.0%  none      010000
CS5B_SRAM-02            020000-02ffff 010000    0.0%  none      010000
CS5B_SRAM-03            030000-03ffff 010000    0.0%  none      010000
CS5B_SRAM-04            040000-04ffff 010000    0.0%  none      010000
CS6B_FLASH              040000-047fff 008000    0.0%  none      008000
CS5B_SRAM-05            050000-05ffff 010000    0.0%  none      010000
APP_RAM_CODE            060000-06ffff 010000    4.0%  none      00f5bb
CS5B_SRAM-06            060000-06ffff 010000    0.0%  none      010000
CS5B_SRAM-07            070000-07ffff 010000    0.0%  none      010000
CS7B_VGA_VRAM           0ea000-0ebfff 002000    0.0%  none      002000
CS7B_GAL_SRAM           0f0000-0f07ff 000800    0.0%  none      000800


####################
#                  #
# Sections summary #
#                  #
####################

Name      Range          Size    Memory              Fragments
--------------------------------------------------------------
registers 002000-002013  000014  APP_ZP-tiny         1
cdata     004004-00491a  000917  APP_RAM_DATA-cbits  3
code      00491b-00493e  000024  APP_RAM_DATA-cbits  2
zdata     00493f-004bc4  000286  APP_RAM_DATA-nobits 4
stack     004bc5-005bc4  001000  APP_RAM_DATA-nobits 1
reset     00fffc-00fffd  000002  CS4B_FLASH-vector   1
switch    060000-06000d  00000e  APP_RAM_CODE        1
farcode   06000e-060a44  000a37  APP_RAM_CODE        28


###################
#                 #
# Placement rules #
#                 #
###################

Name                     Address range  Key
----------------------------------------------------------------------
APP_FIXED_ENTRY          004000-004003  Plain
  APP_FIXED_ENTRY-nobits 004000-004003  Plain and BSS
    > zdata
    > stack
  APP_FIXED_ENTRY-bits   004000-004003  Plain and DATA
  APP_FIXED_ENTRY-cbits  004000-004003  Plain and RODATA
    > cdata
  APP_FIXED_ENTRY-code   004000-004003  PlainFunction and TEXT
    > code
APP_RAM_CODE             060000-06ffff  TEXT, RODATA and DATA
  > farcode and switch
  APP_RAM_CODE-NoBits    060000-06ffff  BSS
APP_RAM_DATA             004004-005fff  Plain
  APP_RAM_DATA-nobits    004004-005fff  Plain and BSS
    > zdata
    > stack
  APP_RAM_DATA-bits      004004-005fff  Plain and DATA
  APP_RAM_DATA-cbits     004004-005fff  Plain and RODATA
    > cdata
  APP_RAM_DATA-code      004004-005fff  PlainFunction and TEXT
    > code
APP_ZP                   002100-002fff  Plain
  APP_ZP-nobits          002100-002fff  Plain and BSS
    > zdata
    > stack
  APP_ZP-bits            002100-002fff  Plain and DATA
  APP_ZP-cbits           002100-002fff  Plain and RODATA
    > cdata
  APP_ZP-code            002100-002fff  PlainFunction and TEXT
    > code
APP_ZP-tiny              002000-0020ff  Tiny and BSS
  > registers
CS0B_EXT_CS0             00df00-00df1f  Plain
  CS0B_EXT_CS0-nobits    00df00-00df1f  Plain and BSS
    > zdata
    > stack
  CS0B_EXT_CS0-bits      00df00-00df1f  Plain and DATA
  CS0B_EXT_CS0-cbits     00df00-00df1f  Plain and RODATA
    > cdata
  CS0B_EXT_CS0-code      00df00-00df1f  PlainFunction and TEXT
    > code
CS1B_EXT_CS1             00dfc0-00dfff  Plain
  CS1B_EXT_CS1-nobits    00dfc0-00dfff  Plain and BSS
    > zdata
    > stack
  CS1B_EXT_CS1-bits      00dfc0-00dfff  Plain and DATA
  CS1B_EXT_CS1-cbits     00dfc0-00dfff  Plain and RODATA
    > cdata
  CS1B_EXT_CS1-code      00dfc0-00dfff  PlainFunction and TEXT
    > code
CS2B_ONCHIP_RAM          000000-0001ff  Plain
  CS2B_ONCHIP_RAM-nobits 000000-0001ff  Plain and BSS
    > zdata
    > stack
  CS2B_ONCHIP_RAM-bits   000000-0001ff  Plain and DATA
  CS2B_ONCHIP_RAM-cbits  000000-0001ff  Plain and RODATA
    > cdata
  CS2B_ONCHIP_RAM-code   000000-0001ff  PlainFunction and TEXT
    > code
CS2B_ONCHIP_ROM          00e000-00feff  Plain
  CS2B_ONCHIP_ROM-nobits 00e000-00feff  Plain and BSS
    > zdata
    > stack
  CS2B_ONCHIP_ROM-bits   00e000-00feff  Plain and DATA
  CS2B_ONCHIP_ROM-cbits  00e000-00feff  Plain and RODATA
    > cdata
  CS2B_ONCHIP_ROM-code   00e000-00feff  PlainFunction and TEXT
    > code
CS3B_SRAM                000000-007fff  Plain
  CS3B_SRAM-nobits       000000-007fff  Plain and BSS
    > zdata
    > stack
  CS3B_SRAM-bits         000000-007fff  Plain and DATA
  CS3B_SRAM-cbits        000000-007fff  Plain and RODATA
    > cdata
  CS3B_SRAM-code         000000-007fff  PlainFunction and TEXT
    > code
CS4B_FLASH-vector        00ffe4-00ffff  Plain
  > (reset 00fffc)
CS4B_FLASH               008000-00ffe3  Plain
  CS4B_FLASH-nobits      008000-00ffe3  Plain and BSS
    > zdata
    > stack
  CS4B_FLASH-bits        008000-00ffe3  Plain and DATA
  CS4B_FLASH-cbits       008000-00ffe3  Plain and RODATA
    > cdata
  CS4B_FLASH-code        008000-00ffe3  PlainFunction and TEXT
    > code
CS5B_SRAM-01             010000-01ffff  Far
  CS5B_SRAM-01-farcode   010000-01ffff  FarFunction and TEXT
    > farcode
  CS5B_SRAM-01-far-cbits 010000-01ffff  Far and RODATA
    > switch
CS5B_SRAM-02             020000-02ffff  Far
  CS5B_SRAM-02-farcode   020000-02ffff  FarFunction and TEXT
    > farcode
  CS5B_SRAM-02-far-cbits 020000-02ffff  Far and RODATA
    > switch
CS5B_SRAM-03             030000-03ffff  Far
  CS5B_SRAM-03-farcode   030000-03ffff  FarFunction and TEXT
    > farcode
  CS5B_SRAM-03-far-cbits 030000-03ffff  Far and RODATA
    > switch
CS5B_SRAM-04             040000-04ffff  Far
  CS5B_SRAM-04-farcode   040000-04ffff  FarFunction and TEXT
    > farcode
  CS5B_SRAM-04-far-cbits 040000-04ffff  Far and RODATA
    > switch
CS5B_SRAM-05             050000-05ffff  Far
  CS5B_SRAM-05-farcode   050000-05ffff  FarFunction and TEXT
    > farcode
  CS5B_SRAM-05-far-cbits 050000-05ffff  Far and RODATA
    > switch
CS5B_SRAM-06             060000-06ffff  Far
  CS5B_SRAM-06-farcode   060000-06ffff  FarFunction and TEXT
    > farcode
  CS5B_SRAM-06-far-cbits 060000-06ffff  Far and RODATA
    > switch
CS5B_SRAM-07             070000-07ffff  Far
  CS5B_SRAM-07-farcode   070000-07ffff  FarFunction and TEXT
    > farcode
  CS5B_SRAM-07-far-cbits 070000-07ffff  Far and RODATA
    > switch
CS6B_FLASH               040000-047fff  TEXT, RODATA and DATA
  > farcode and switch
  CS6B_FLASH-NoBits      040000-047fff  BSS
CS7B_GAL_SRAM            0f0000-0f07ff  TEXT, RODATA and DATA
  > farcode and switch
  CS7B_GAL_SRAM-NoBits   0f0000-0f07ff  BSS
CS7B_VGA_VRAM            0ea000-0ebfff  TEXT, RODATA and DATA
  > farcode and switch
  CS7B_VGA_VRAM-NoBits   0ea000-0ebfff  BSS

Name  Size   Align
-------------------
stack 001000 no

Name             Memory      Offset
------------------------------------
_DirectPageStart APP_ZP-tiny 000000

################
#              #
# Object files #
#              #
################

Unit Filename                                               Archive
------------------------------------------------------------------------
  0  D:\source\VSCode\65265 assembly\src\debug/build/main.o -
          >  cdata   000917
          >  farcode 000945
          >  switch  00000e
          >  zdata   000200
  2  cstartup.o                                             clib-lc-sd.a
          # picked based on cstartup=normal (built-in default)
          >  code    000024
          >  farcode 000001
          >  reset   000002
  3  exit.o                                                 clib-lc-sd.a
          # picked based on exit=stdexit (built-in default)
          >  farcode 000053
  5  controlFlow.o                                          clib-lc-sd.a
          >  farcode 00000e
  6  pseudoRegisters.o                                      clib-lc-sd.a
          >  registers 000014
  7  atexit.o                                               clib-lc-sd.a
          >  zdata 000082
  8  exitC99.o                                              clib-lc-sd.a
          >  farcode 000005
  9  defaultExit.o                                          clib-lc-sd.a
          >  farcode 000001
 11  streamlist.o                                           clib-lc-sd.a
          >  zdata 000004
 12  integer.o                                              clib-lc-sd.a
          >  farcode 00008a

###################
#                 #
# Cross reference #
#                 #
###################

_Dp in section 'registers'  placed at address 002000-002013 of size 000014
(pseudoRegisters.o (from clib-lc-sd.a) unit 6 section index 2)
    Defines:
        _Vfp = 002010
        _Dp = 002000
    Referenced from:
        (D:\source\VSCode\65265 assembly\src\debug/build/main.o unit 0 section index 14)
        (D:\source\VSCode\65265 assembly\src\debug/build/main.o unit 0 section index 15)
        (D:\source\VSCode\65265 assembly\src\debug/build/main.o unit 0 section index 16)
        draw_logo_32_scaled_4x (D:\source\VSCode\65265 assembly\src\debug/build/main.o unit 0 section index 17)
        gfxFrame1 (D:\source\VSCode\65265 assembly\src\debug/build/main.o unit 0 section index 20)
        simpleRectangles (D:\source\VSCode\65265 assembly\src\debug/build/main.o unit 0 section index 21)
        horizontalDot (D:\source\VSCode\65265 assembly\src\debug/build/main.o unit 0 section index 22)
        opening_window (D:\source\VSCode\65265 assembly\src\debug/build/main.o unit 0 section index 24)
        ... 7 more

`_StringLiteral_ Hello, world, from C!` in section 'cdata'
 placed at address 004004-00401a of size 000017
(D:\source\VSCode\65265 assembly\src\debug/build/main.o unit 0 section index 5)
    Defines:
        `_StringLiteral_ Hello, world, from C!` = 004004
    Referenced from:
        main (D:\source\VSCode\65265 assembly\src\debug/build/main.o unit 0 section index 25)

sin256 in section 'cdata'  placed at address 00401b-00411a of size 000100
(D:\source\VSCode\65265 assembly\src\debug/build/main.o unit 0 section index 4)

rehsd_raw_565 in section 'cdata'
 placed at address 00411b-00491a of size 000800
(D:\source\VSCode\65265 assembly\src\debug/build/main.o unit 0 section index 3)

__program_start in section 'code'
 placed at address 00491b-004933 of size 000019
(cstartup.o (from clib-lc-sd.a) unit 2 section index 2)
    Defines:
        __program_start = 00491b
    References:
        _DirectPageStart
        .sectionEnd(stack)
        _Vfp in (pseudoRegisters.o (from clib-lc-sd.a) unit 6 section index 2)
        __low_level_init in (cstartup.o (from clib-lc-sd.a) unit 2 section index 8)
    Referenced from:
        __program_root_section (cstartup.o (from clib-lc-sd.a) unit 2 section index 7)

Section 'code'  placed at address 004934-00493e of size 00000b
(cstartup.o (from clib-lc-sd.a) unit 2 section index 6)
    References:
        exit in (exit.o (from clib-lc-sd.a) unit 3 section index 2)
        main in (D:\source\VSCode\65265 assembly\src\debug/build/main.o unit 0 section index 25)

__atexit_index in section 'zdata'
 placed at address 00493f-004940 of size 000002
(atexit.o (from clib-lc-sd.a) unit 7 section index 3)
    Defines:
        __atexit_index = 00493f
    Referenced from:
        exit (exit.o (from clib-lc-sd.a) unit 3 section index 2)

__atexit in section 'zdata'  placed at address 004941-0049c0 of size 000080
(atexit.o (from clib-lc-sd.a) unit 7 section index 2)
    Defines:
        __atexit = 004941
    Referenced from:
        exit (exit.o (from clib-lc-sd.a) unit 3 section index 2)

_ExitCloseStreams in section 'zdata'
 placed at address 0049c1-0049c4 of size 000004
(streamlist.o (from clib-lc-sd.a) unit 11 section index 2)
    Defines:
        _ExitCloseStreams = 0049c1
    Referenced from:
        exit (exit.o (from clib-lc-sd.a) unit 3 section index 2)

palette in section 'zdata'  placed at address 0049c5-004bc4 of size 000200
(D:\source\VSCode\65265 assembly\src\debug/build/main.o unit 0 section index 7)

Section 'stack'  placed at address 004bc5-005bc4 of size 001000
(linker generated)

__program_root_section in section 'reset'
 placed at address 00fffc-00fffd of size 000002
(cstartup.o (from clib-lc-sd.a) unit 2 section index 7)
    Defines:
        __program_root_section = 00fffc
    References:
        __program_start in (cstartup.o (from clib-lc-sd.a) unit 2 section index 2)

`?L145` in section 'switch'  placed at address 060000-06000d of size 00000e
(D:\source\VSCode\65265 assembly\src\debug/build/main.o unit 0 section index 26)

_Stub_exit in section 'farcode'  placed at address 06000e-06000e of size 000001
(defaultExit.o (from clib-lc-sd.a) unit 9 section index 2)
    Defines:
        _Stub_exit = 06000e
    Referenced from:
        _Exit (exitC99.o (from clib-lc-sd.a) unit 8 section index 2)

__low_level_init in section 'farcode'
 placed at address 06000f-06000f of size 000001
(cstartup.o (from clib-lc-sd.a) unit 2 section index 8)
    Defines:
        __low_level_init = 06000f
    Referenced from:
        __program_start (cstartup.o (from clib-lc-sd.a) unit 2 section index 2)

os_newline in section 'farcode'  placed at address 060010-060012 of size 000003
(D:\source\VSCode\65265 assembly\src\debug/build/main.o unit 0 section index 11)

os_c_return in section 'farcode'
 placed at address 060013-060015 of size 000003
(D:\source\VSCode\65265 assembly\src\debug/build/main.o unit 0 section index 12)

_Exit in section 'farcode'  placed at address 060016-06001a of size 000005
(exitC99.o (from clib-lc-sd.a) unit 8 section index 2)
    Defines:
        _Exit = 060016
    References:
        _Stub_exit in (defaultExit.o (from clib-lc-sd.a) unit 9 section index 2)
    Referenced from:
        exit (exit.o (from clib-lc-sd.a) unit 3 section index 2)

os_print_char in section 'farcode'
 placed at address 06001b-060024 of size 00000a
(D:\source\VSCode\65265 assembly\src\debug/build/main.o unit 0 section index 10)

_JmpIndLong in section 'farcode'
 placed at address 060025-060032 of size 00000e
(controlFlow.o (from clib-lc-sd.a) unit 5 section index 3)
    Defines:
        _JmpIndLong = 060025
    References:
        _Dp in (pseudoRegisters.o (from clib-lc-sd.a) unit 6 section index 2)
    Referenced from:
        exit (exit.o (from clib-lc-sd.a) unit 3 section index 2)

diagonalColors in section 'farcode'
 placed at address 060033-060041 of size 00000f
(D:\source\VSCode\65265 assembly\src\debug/build/main.o unit 0 section index 23)
    Defines:
        diagonalColors = 060033
    References:
        gfxFrame1 in (D:\source\VSCode\65265 assembly\src\debug/build/main.o unit 0 section index 20)
    Referenced from:
        main (D:\source\VSCode\65265 assembly\src\debug/build/main.o unit 0 section index 25)

delayms in section 'farcode'  placed at address 060042-06005d of size 00001c
(D:\source\VSCode\65265 assembly\src\debug/build/main.o unit 0 section index 16)
    References:
        _Dp in (pseudoRegisters.o (from clib-lc-sd.a) unit 6 section index 2)

os_puts in section 'farcode'  placed at address 06005e-060084 of size 000027
(D:\source\VSCode\65265 assembly\src\debug/build/main.o unit 0 section index 13)

_Mul16 in section 'farcode'  placed at address 060085-0600b4 of size 000030
(integer.o (from clib-lc-sd.a) unit 12 section index 2)
    Defines:
        _Mul16 = 060085
    References:
        _Dp in (pseudoRegisters.o (from clib-lc-sd.a) unit 6 section index 2)
    Referenced from:
        opening_window (D:\source\VSCode\65265 assembly\src\debug/build/main.o unit 0 section index 24)

rgb332 in section 'farcode'  placed at address 0600b5-0600e6 of size 000032
(D:\source\VSCode\65265 assembly\src\debug/build/main.o unit 0 section index 8)

exit in section 'farcode'  placed at address 0600e7-060139 of size 000053
(exit.o (from clib-lc-sd.a) unit 3 section index 2)
    Defines:
        exit = 0600e7
    References:
        _Dp in (pseudoRegisters.o (from clib-lc-sd.a) unit 6 section index 2)
        _Exit in (exitC99.o (from clib-lc-sd.a) unit 8 section index 2)
        _ExitCloseStreams in (streamlist.o (from clib-lc-sd.a) unit 11 section index 2)
        _JmpIndLong in (controlFlow.o (from clib-lc-sd.a) unit 5 section index 3)
        __atexit in (atexit.o (from clib-lc-sd.a) unit 7 section index 2)
        __atexit_index in (atexit.o (from clib-lc-sd.a) unit 7 section index 3)
    Referenced from:
        (cstartup.o (from clib-lc-sd.a) unit 2 section index 6)

DivMod16 in section 'farcode'  placed at address 06013a-06014b of size 000012
(integer.o (from clib-lc-sd.a) unit 12 section index 5)
    References:
        _UDivMod16 in (integer.o (from clib-lc-sd.a) unit 12 section index 6)

_UDivMod16 in section 'farcode'  placed at address 06014c-060170 of size 000025
(integer.o (from clib-lc-sd.a) unit 12 section index 6)
    Defines:
        _UDivMod16 = 06014c
    References:
        _Dp in (pseudoRegisters.o (from clib-lc-sd.a) unit 6 section index 2)
    Referenced from:
        (integer.o (from clib-lc-sd.a) unit 12 section index 5)

_Mod16 in section 'farcode'  placed at address 060171-060175 of size 000005
(integer.o (from clib-lc-sd.a) unit 12 section index 8)
    Defines:
        _Mod16 = 060171
    Referenced from:
        opening_window (D:\source\VSCode\65265 assembly\src\debug/build/main.o unit 0 section index 24)

_DivModSign16 in section 'farcode'
 placed at address 060176-06017d of size 000008
(integer.o (from clib-lc-sd.a) unit 12 section index 9)
    Defines:
        _DivModSign16 = 060176

_DivModSign32 in section 'farcode'
 placed at address 06017e-060193 of size 000016
(integer.o (from clib-lc-sd.a) unit 12 section index 14)
    Defines:
        _DivModSign32 = 06017e
    References:
        _Dp in (pseudoRegisters.o (from clib-lc-sd.a) unit 6 section index 2)

delay in section 'farcode'  placed at address 060194-0601f2 of size 00005f
(D:\source\VSCode\65265 assembly\src\debug/build/main.o unit 0 section index 15)
    References:
        _Dp in (pseudoRegisters.o (from clib-lc-sd.a) unit 6 section index 2)

init_palette in section 'farcode'
 placed at address 0601f3-060264 of size 000072
(D:\source\VSCode\65265 assembly\src\debug/build/main.o unit 0 section index 19)

os_draw_rectangle in section 'farcode'
 placed at address 060265-0602d9 of size 000075
(D:\source\VSCode\65265 assembly\src\debug/build/main.o unit 0 section index 14)
    References:
        _Dp in (pseudoRegisters.o (from clib-lc-sd.a) unit 6 section index 2)

main in section 'farcode'  placed at address 0602da-060353 of size 00007a
(D:\source\VSCode\65265 assembly\src\debug/build/main.o unit 0 section index 25)
    Defines:
        main = 0602da
    References:
        _Dp in (pseudoRegisters.o (from clib-lc-sd.a) unit 6 section index 2)
        `_StringLiteral_ Hello, world, from C!` in (D:\source\VSCode\65265 assembly\src\debug/build/main.o unit 0 section index 5)
        diagonalColors in (D:\source\VSCode\65265 assembly\src\debug/build/main.o unit 0 section index 23)
        draw_logo_32_scaled_4x in (D:\source\VSCode\65265 assembly\src\debug/build/main.o unit 0 section index 17)
        horizontalDot in (D:\source\VSCode\65265 assembly\src\debug/build/main.o unit 0 section index 22)
        opening_window in (D:\source\VSCode\65265 assembly\src\debug/build/main.o unit 0 section index 24)
        simpleRectangles in (D:\source\VSCode\65265 assembly\src\debug/build/main.o unit 0 section index 21)
    Referenced from:
        (cstartup.o (from clib-lc-sd.a) unit 2 section index 6)

horizontalDot in section 'farcode'
 placed at address 060354-0603d7 of size 000084
(D:\source\VSCode\65265 assembly\src\debug/build/main.o unit 0 section index 22)
    Defines:
        horizontalDot = 060354
    References:
        _Dp in (pseudoRegisters.o (from clib-lc-sd.a) unit 6 section index 2)
    Referenced from:
        main (D:\source\VSCode\65265 assembly\src\debug/build/main.o unit 0 section index 25)

opening_window in section 'farcode'
 placed at address 0603d8-06046e of size 000097
(D:\source\VSCode\65265 assembly\src\debug/build/main.o unit 0 section index 24)
    Defines:
        opening_window = 0603d8
    References:
        _Dp in (pseudoRegisters.o (from clib-lc-sd.a) unit 6 section index 2)
        _Mod16 in (integer.o (from clib-lc-sd.a) unit 12 section index 8)
        _Mul16 in (integer.o (from clib-lc-sd.a) unit 12 section index 2)
    Referenced from:
        main (D:\source\VSCode\65265 assembly\src\debug/build/main.o unit 0 section index 25)

gfxFrame1 in section 'farcode'  placed at address 06046f-060558 of size 0000ea
(D:\source\VSCode\65265 assembly\src\debug/build/main.o unit 0 section index 20)
    Defines:
        gfxFrame1 = 06046f
    References:
        _Dp in (pseudoRegisters.o (from clib-lc-sd.a) unit 6 section index 2)
    Referenced from:
        diagonalColors (D:\source\VSCode\65265 assembly\src\debug/build/main.o unit 0 section index 23)

draw_logo_32_scaled_4x in section 'farcode'
 placed at address 060559-060677 of size 00011f
(D:\source\VSCode\65265 assembly\src\debug/build/main.o unit 0 section index 17)
    Defines:
        draw_logo_32_scaled_4x = 060559
    References:
        _Dp in (pseudoRegisters.o (from clib-lc-sd.a) unit 6 section index 2)
    Referenced from:
        main (D:\source\VSCode\65265 assembly\src\debug/build/main.o unit 0 section index 25)

simpleRectangles in section 'farcode'
 placed at address 060678-06082b of size 0001b4
(D:\source\VSCode\65265 assembly\src\debug/build/main.o unit 0 section index 21)
    Defines:
        simpleRectangles = 060678
    References:
        _Dp in (pseudoRegisters.o (from clib-lc-sd.a) unit 6 section index 2)
    Referenced from:
        main (D:\source\VSCode\65265 assembly\src\debug/build/main.o unit 0 section index 25)

rainbow332 in section 'farcode'  placed at address 06082c-060a44 of size 000219
(D:\source\VSCode\65265 assembly\src\debug/build/main.o unit 0 section index 9)

##########################
#                        #
# Memory sizes (decimal) #
#                        #
##########################

Executable       (Text): 4994 bytes
Data                   :  646 bytes
Non-initialized        : 4116 bytes
